{"/Users/mellet/Development/CsGoNades/csgonades-api/src/config/enironment.ts": {"path":"/Users/mellet/Development/CsGoNades/csgonades-api/src/config/enironment.ts","statementMap":{"0":{"start":{"line":1,"column":0},"end":{"line":1,"column":28}},"1":{"start":{"line":2,"column":0},"end":{"line":2,"column":28}},"2":{"start":{"line":4,"column":0},"end":{"line":4,"column":16}},"3":{"start":{"line":6,"column":21},"end":{"line":18,"column":13}},"4":{"start":{"line":43,"column":26},"end":{"line":76,"column":1}},"5":{"start":{"line":44,"column":2},"end":{"line":44,"column":41}},"6":{"start":{"line":46,"column":23},"end":{"line":46,"column":60}},"7":{"start":{"line":48,"column":2},"end":{"line":75,"column":4}},"8":{"start":{"line":43,"column":13},"end":{"line":43,"column":26}}},"fnMap":{"0":{"name":"(anonymous_1)","decl":{"start":{"line":43,"column":26},"end":{"line":43,"column":41}},"loc":{"start":{"line":43,"column":43},"end":{"line":76,"column":1}}}},"branchMap":{"0":{"loc":{"start":{"line":51,"column":21},"end":{"line":51,"column":46}},"type":"binary-expr","locations":[{"start":{"line":51,"column":21},"end":{"line":51,"column":46}},{"start":{"line":51,"column":50},"end":{"line":51,"column":52}}]},"1":{"loc":{"start":{"line":52,"column":18},"end":{"line":52,"column":43}},"type":"binary-expr","locations":[{"start":{"line":52,"column":18},"end":{"line":52,"column":43}},{"start":{"line":52,"column":47},"end":{"line":52,"column":49}}]},"2":{"loc":{"start":{"line":53,"column":17},"end":{"line":53,"column":38}},"type":"binary-expr","locations":[{"start":{"line":53,"column":17},"end":{"line":53,"column":38}},{"start":{"line":53,"column":42},"end":{"line":53,"column":44}}]},"3":{"loc":{"start":{"line":54,"column":21},"end":{"line":54,"column":46}},"type":"binary-expr","locations":[{"start":{"line":54,"column":21},"end":{"line":54,"column":46}},{"start":{"line":54,"column":50},"end":{"line":54,"column":52}}]},"4":{"loc":{"start":{"line":55,"column":18},"end":{"line":55,"column":40}},"type":"binary-expr","locations":[{"start":{"line":55,"column":18},"end":{"line":55,"column":40}},{"start":{"line":55,"column":44},"end":{"line":55,"column":46}}]},"5":{"loc":{"start":{"line":60,"column":10},"end":{"line":60,"column":37}},"type":"cond-expr","locations":[{"start":{"line":60,"column":10},"end":{"line":60,"column":37}},{"start":{"line":61,"column":10},"end":{"line":61,"column":33}}]},"6":{"loc":{"start":{"line":65,"column":10},"end":{"line":65,"column":37}},"type":"cond-expr","locations":[{"start":{"line":65,"column":10},"end":{"line":65,"column":37}},{"start":{"line":66,"column":10},"end":{"line":66,"column":33}}]},"7":{"loc":{"start":{"line":69,"column":19},"end":{"line":69,"column":52}},"type":"binary-expr","locations":[{"start":{"line":69,"column":19},"end":{"line":69,"column":52}},{"start":{"line":69,"column":56},"end":{"line":69,"column":58}}]},"8":{"loc":{"start":{"line":70,"column":17},"end":{"line":70,"column":47}},"type":"binary-expr","locations":[{"start":{"line":70,"column":17},"end":{"line":70,"column":47}},{"start":{"line":70,"column":51},"end":{"line":70,"column":53}}]},"9":{"loc":{"start":{"line":72,"column":10},"end":{"line":72,"column":64}},"type":"cond-expr","locations":[{"start":{"line":72,"column":10},"end":{"line":72,"column":64}},{"start":{"line":73,"column":10},"end":{"line":73,"column":12}}]}},"s":{"0":2,"1":2,"2":2,"3":2,"4":2,"5":1,"6":1,"7":1,"8":2},"f":{"0":1},"b":{"0":[1,0],"1":[1,0],"2":[1,0],"3":[1,0],"4":[1,0],"5":[0,1],"6":[0,1],"7":[1,0],"8":[1,0],"9":[1,0]}}
,"/Users/mellet/Development/CsGoNades/csgonades-api/src/external-api/GfycatApi.ts": {"path":"/Users/mellet/Development/CsGoNades/csgonades-api/src/external-api/GfycatApi.ts","statementMap":{"0":{"start":{"line":1,"column":0},"end":{"line":1,"column":39}},"1":{"start":{"line":2,"column":0},"end":{"line":2,"column":26}},"2":{"start":{"line":3,"column":0},"end":{"line":3,"column":59}},"3":{"start":{"line":4,"column":0},"end":{"line":4,"column":62}},"4":{"start":{"line":5,"column":0},"end":{"line":5,"column":58}},"5":{"start":{"line":18,"column":2},"end":{"line":29,"column":4}},"6":{"start":{"line":20,"column":45},"end":{"line":29,"column":4}},"7":{"start":{"line":21,"column":4},"end":{"line":28,"column":null}},"8":{"start":{"line":22,"column":20},"end":{"line":22,"column":55}},"9":{"start":{"line":23,"column":26},"end":{"line":23,"column":71}},"10":{"start":{"line":24,"column":6},"end":{"line":24,"column":25}},"11":{"start":{"line":26,"column":6},"end":{"line":26,"column":37}},"12":{"start":{"line":27,"column":6},"end":{"line":27,"column":18}},"13":{"start":{"line":31,"column":2},"end":{"line":44,"column":4}},"14":{"start":{"line":34,"column":24},"end":{"line":44,"column":4}},"15":{"start":{"line":35,"column":16},"end":{"line":35,"column":157}},"16":{"start":{"line":37,"column":4},"end":{"line":43,"column":null}},"17":{"start":{"line":38,"column":6},"end":{"line":38,"column":27}},"18":{"start":{"line":39,"column":6},"end":{"line":39,"column":18}},"19":{"start":{"line":41,"column":6},"end":{"line":41,"column":37}},"20":{"start":{"line":42,"column":6},"end":{"line":42,"column":19}},"21":{"start":{"line":12,"column":4},"end":{"line":12,"column":25}},"22":{"start":{"line":13,"column":4},"end":{"line":16,"column":7}},"23":{"start":{"line":7,"column":0},"end":{"line":7,"column":13}}},"fnMap":{"0":{"name":"(anonymous_14)","decl":{"start":{"line":11,"column":2},"end":{"line":11,"column":14}},"loc":{"start":{"line":11,"column":47},"end":{"line":17,"column":3}}},"1":{"name":"(anonymous_15)","decl":{"start":{"line":18,"column":18},"end":{"line":18,"column":null}},"loc":{"start":{"line":20,"column":45},"end":{"line":29,"column":4}}},"2":{"name":"(anonymous_16)","decl":{"start":{"line":20,"column":45},"end":{"line":20,"column":null}},"loc":{"start":{"line":20,"column":45},"end":{"line":29,"column":3}}},"3":{"name":"(anonymous_17)","decl":{"start":{"line":31,"column":17},"end":{"line":31,"column":null}},"loc":{"start":{"line":34,"column":24},"end":{"line":44,"column":4}}},"4":{"name":"(anonymous_18)","decl":{"start":{"line":34,"column":24},"end":{"line":34,"column":null}},"loc":{"start":{"line":34,"column":24},"end":{"line":44,"column":3}}}},"branchMap":{"0":{"loc":{"start":{"line":11,"column":35},"end":{"line":11,"column":47}},"type":"default-arg","locations":[{"start":{"line":11,"column":35},"end":{"line":11,"column":47}}]}},"s":{"0":2,"1":2,"2":2,"3":2,"4":2,"5":1,"6":0,"7":0,"8":0,"9":0,"10":0,"11":0,"12":0,"13":1,"14":0,"15":0,"16":0,"17":0,"18":0,"19":0,"20":0,"21":1,"22":1,"23":2},"f":{"0":1,"1":0,"2":0,"3":0,"4":0},"b":{"0":[0]}}
,"/Users/mellet/Development/CsGoNades/csgonades-api/src/favorite/FavoriteRepo.ts": {"path":"/Users/mellet/Development/CsGoNades/csgonades-api/src/favorite/FavoriteRepo.ts","statementMap":{"0":{"start":{"line":1,"column":0},"end":{"line":1,"column":null}},"1":{"start":{"line":13,"column":0},"end":{"line":13,"column":50}},"2":{"start":{"line":23,"column":2},"end":{"line":41,"column":4}},"3":{"start":{"line":23,"column":78},"end":{"line":41,"column":4}},"4":{"start":{"line":24,"column":22},"end":{"line":27,"column":6}},"5":{"start":{"line":29,"column":4},"end":{"line":31,"column":null}},"6":{"start":{"line":30,"column":6},"end":{"line":30,"column":79}},"7":{"start":{"line":33,"column":21},"end":{"line":35,"column":null}},"8":{"start":{"line":38,"column":19},"end":{"line":38,"column":58}},"9":{"start":{"line":40,"column":4},"end":{"line":40,"column":33}},"10":{"start":{"line":43,"column":2},"end":{"line":51,"column":4}},"11":{"start":{"line":43,"column":77},"end":{"line":51,"column":4}},"12":{"start":{"line":44,"column":21},"end":{"line":44,"column":42}},"13":{"start":{"line":46,"column":4},"end":{"line":48,"column":null}},"14":{"start":{"line":47,"column":6},"end":{"line":47,"column":48}},"15":{"start":{"line":50,"column":4},"end":{"line":50,"column":20}},"16":{"start":{"line":53,"column":2},"end":{"line":65,"column":4}},"17":{"start":{"line":53,"column":47},"end":{"line":65,"column":4}},"18":{"start":{"line":54,"column":26},"end":{"line":54,"column":53}},"19":{"start":{"line":56,"column":24},"end":{"line":56,"column":54}},"20":{"start":{"line":56,"column":49},"end":{"line":56,"column":53}},"21":{"start":{"line":58,"column":31},"end":{"line":58,"column":38}},"22":{"start":{"line":60,"column":4},"end":{"line":62,"column":7}},"23":{"start":{"line":61,"column":6},"end":{"line":61,"column":34}},"24":{"start":{"line":64,"column":4},"end":{"line":64,"column":19}},"25":{"start":{"line":67,"column":2},"end":{"line":75,"column":4}},"26":{"start":{"line":67,"column":67},"end":{"line":75,"column":4}},"27":{"start":{"line":68,"column":16},"end":{"line":68,"column":54}},"28":{"start":{"line":70,"column":4},"end":{"line":72,"column":null}},"29":{"start":{"line":71,"column":6},"end":{"line":71,"column":18}},"30":{"start":{"line":74,"column":4},"end":{"line":74,"column":30}},"31":{"start":{"line":77,"column":2},"end":{"line":83,"column":4}},"32":{"start":{"line":77,"column":61},"end":{"line":83,"column":4}},"33":{"start":{"line":78,"column":17},"end":{"line":78,"column":79}},"34":{"start":{"line":80,"column":22},"end":{"line":80,"column":45}},"35":{"start":{"line":82,"column":4},"end":{"line":82,"column":21}},"36":{"start":{"line":85,"column":10},"end":{"line":89,"column":4}},"37":{"start":{"line":85,"column":70},"end":{"line":89,"column":4}},"38":{"start":{"line":86,"column":17},"end":{"line":86,"column":78}},"39":{"start":{"line":87,"column":17},"end":{"line":87,"column":40}},"40":{"start":{"line":88,"column":4},"end":{"line":88,"column":16}},"41":{"start":{"line":91,"column":10},"end":{"line":96,"column":4}},"42":{"start":{"line":92,"column":4},"end":{"line":94,"column":null}},"43":{"start":{"line":20,"column":4},"end":{"line":20,"column":46}},"44":{"start":{"line":16,"column":0},"end":{"line":16,"column":13}}},"fnMap":{"0":{"name":"(anonymous_7)","decl":{"start":{"line":19,"column":2},"end":{"line":19,"column":null}},"loc":{"start":{"line":19,"column":2},"end":{"line":21,"column":3}}},"1":{"name":"(anonymous_8)","decl":{"start":{"line":23,"column":16},"end":{"line":23,"column":23}},"loc":{"start":{"line":23,"column":78},"end":{"line":41,"column":4}}},"2":{"name":"(anonymous_9)","decl":{"start":{"line":23,"column":78},"end":{"line":23,"column":null}},"loc":{"start":{"line":23,"column":78},"end":{"line":41,"column":3}}},"3":{"name":"(anonymous_10)","decl":{"start":{"line":43,"column":19},"end":{"line":43,"column":26}},"loc":{"start":{"line":43,"column":77},"end":{"line":51,"column":4}}},"4":{"name":"(anonymous_11)","decl":{"start":{"line":43,"column":77},"end":{"line":43,"column":null}},"loc":{"start":{"line":43,"column":77},"end":{"line":51,"column":3}}},"5":{"name":"(anonymous_12)","decl":{"start":{"line":53,"column":22},"end":{"line":53,"column":29}},"loc":{"start":{"line":53,"column":47},"end":{"line":65,"column":4}}},"6":{"name":"(anonymous_13)","decl":{"start":{"line":53,"column":47},"end":{"line":53,"column":null}},"loc":{"start":{"line":53,"column":47},"end":{"line":65,"column":3}}},"7":{"name":"(anonymous_14)","decl":{"start":{"line":56,"column":42},"end":{"line":56,"column":43}},"loc":{"start":{"line":56,"column":49},"end":{"line":56,"column":53}}},"8":{"name":"(anonymous_15)","decl":{"start":{"line":60,"column":24},"end":{"line":60,"column":25}},"loc":{"start":{"line":60,"column":31},"end":{"line":62,"column":5}}},"9":{"name":"(anonymous_16)","decl":{"start":{"line":67,"column":9},"end":{"line":67,"column":16}},"loc":{"start":{"line":67,"column":67},"end":{"line":75,"column":4}}},"10":{"name":"(anonymous_17)","decl":{"start":{"line":67,"column":67},"end":{"line":67,"column":null}},"loc":{"start":{"line":67,"column":67},"end":{"line":75,"column":3}}},"11":{"name":"(anonymous_18)","decl":{"start":{"line":77,"column":11},"end":{"line":77,"column":18}},"loc":{"start":{"line":77,"column":61},"end":{"line":83,"column":4}}},"12":{"name":"(anonymous_19)","decl":{"start":{"line":77,"column":61},"end":{"line":77,"column":null}},"loc":{"start":{"line":77,"column":61},"end":{"line":83,"column":3}}},"13":{"name":"(anonymous_20)","decl":{"start":{"line":85,"column":21},"end":{"line":85,"column":28}},"loc":{"start":{"line":85,"column":70},"end":{"line":89,"column":4}}},"14":{"name":"(anonymous_21)","decl":{"start":{"line":85,"column":70},"end":{"line":85,"column":null}},"loc":{"start":{"line":85,"column":70},"end":{"line":89,"column":3}}},"15":{"name":"(anonymous_22)","decl":{"start":{"line":91,"column":21},"end":{"line":91,"column":22}},"loc":{"start":{"line":91,"column":62},"end":{"line":96,"column":3}}}},"branchMap":{"0":{"loc":{"start":{"line":29,"column":4},"end":{"line":31,"column":null}},"type":"if","locations":[{"start":{"line":29,"column":4},"end":{"line":31,"column":null}},{"start":{"line":29,"column":4},"end":{"line":31,"column":null}}]},"1":{"loc":{"start":{"line":46,"column":4},"end":{"line":48,"column":null}},"type":"if","locations":[{"start":{"line":46,"column":4},"end":{"line":48,"column":null}},{"start":{"line":46,"column":4},"end":{"line":48,"column":null}}]},"2":{"loc":{"start":{"line":70,"column":4},"end":{"line":72,"column":null}},"type":"if","locations":[{"start":{"line":70,"column":4},"end":{"line":72,"column":null}},{"start":{"line":70,"column":4},"end":{"line":72,"column":null}}]}},"s":{"0":1,"1":1,"2":0,"3":0,"4":0,"5":0,"6":0,"7":0,"8":0,"9":0,"10":0,"11":0,"12":0,"13":0,"14":0,"15":0,"16":0,"17":0,"18":0,"19":0,"20":0,"21":0,"22":0,"23":0,"24":0,"25":0,"26":0,"27":0,"28":0,"29":0,"30":0,"31":0,"32":0,"33":0,"34":0,"35":0,"36":0,"37":0,"38":0,"39":0,"40":0,"41":0,"42":0,"43":0,"44":1},"f":{"0":0,"1":0,"2":0,"3":0,"4":0,"5":0,"6":0,"7":0,"8":0,"9":0,"10":0,"11":0,"12":0,"13":0,"14":0,"15":0},"b":{"0":[0,0],"1":[0,0],"2":[0,0]}}
,"/Users/mellet/Development/CsGoNades/csgonades-api/src/imageGallery/ImageGalleryService.ts": {"path":"/Users/mellet/Development/CsGoNades/csgonades-api/src/imageGallery/ImageGalleryService.ts","statementMap":{"0":{"start":{"line":1,"column":0},"end":{"line":1,"column":32}},"1":{"start":{"line":2,"column":0},"end":{"line":2,"column":26}},"2":{"start":{"line":4,"column":0},"end":{"line":4,"column":50}},"3":{"start":{"line":15,"column":10},"end":{"line":15,"column":34}},"4":{"start":{"line":16,"column":10},"end":{"line":16,"column":33}},"5":{"start":{"line":25,"column":2},"end":{"line":27,"column":4}},"6":{"start":{"line":25,"column":60},"end":{"line":27,"column":4}},"7":{"start":{"line":26,"column":4},"end":{"line":26,"column":63}},"8":{"start":{"line":29,"column":2},"end":{"line":39,"column":4}},"9":{"start":{"line":32,"column":6},"end":{"line":39,"column":4}},"10":{"start":{"line":33,"column":4},"end":{"line":38,"column":6}},"11":{"start":{"line":41,"column":2},"end":{"line":46,"column":4}},"12":{"start":{"line":44,"column":25},"end":{"line":46,"column":4}},"13":{"start":{"line":45,"column":4},"end":{"line":45,"column":74}},"14":{"start":{"line":48,"column":10},"end":{"line":66,"column":4}},"15":{"start":{"line":53,"column":6},"end":{"line":66,"column":4}},"16":{"start":{"line":54,"column":20},"end":{"line":54,"column":28}},"17":{"start":{"line":55,"column":22},"end":{"line":55,"column":75}},"18":{"start":{"line":57,"column":21},"end":{"line":57,"column":73}},"19":{"start":{"line":59,"column":18},"end":{"line":62,"column":null}},"20":{"start":{"line":65,"column":4},"end":{"line":65,"column":17}},"21":{"start":{"line":68,"column":2},"end":{"line":70,"column":4}},"22":{"start":{"line":69,"column":4},"end":{"line":69,"column":59}},"23":{"start":{"line":72,"column":2},"end":{"line":75,"column":4}},"24":{"start":{"line":73,"column":25},"end":{"line":73,"column":64}},"25":{"start":{"line":74,"column":4},"end":{"line":74,"column":59}},"26":{"start":{"line":77,"column":10},"end":{"line":109,"column":4}},"27":{"start":{"line":81,"column":23},"end":{"line":109,"column":4}},"28":{"start":{"line":82,"column":30},"end":{"line":82,"column":73}},"29":{"start":{"line":83,"column":16},"end":{"line":83,"column":51}},"30":{"start":{"line":85,"column":4},"end":{"line":87,"column":null}},"31":{"start":{"line":86,"column":6},"end":{"line":86,"column":63}},"32":{"start":{"line":89,"column":22},"end":{"line":89,"column":48}},"33":{"start":{"line":91,"column":21},"end":{"line":93,"column":null}},"34":{"start":{"line":96,"column":4},"end":{"line":98,"column":null}},"35":{"start":{"line":97,"column":6},"end":{"line":97,"column":79}},"36":{"start":{"line":100,"column":21},"end":{"line":100,"column":39}},"37":{"start":{"line":101,"column":22},"end":{"line":101,"column":56}},"38":{"start":{"line":103,"column":4},"end":{"line":106,"column":25}},"39":{"start":{"line":108,"column":4},"end":{"line":108,"column":21}},"40":{"start":{"line":21,"column":4},"end":{"line":21,"column":50}},"41":{"start":{"line":22,"column":4},"end":{"line":22,"column":30}},"42":{"start":{"line":14,"column":0},"end":{"line":14,"column":13}}},"fnMap":{"0":{"name":"(anonymous_8)","decl":{"start":{"line":20,"column":2},"end":{"line":20,"column":14}},"loc":{"start":{"line":20,"column":33},"end":{"line":23,"column":3}}},"1":{"name":"(anonymous_9)","decl":{"start":{"line":25,"column":26},"end":{"line":25,"column":33}},"loc":{"start":{"line":25,"column":60},"end":{"line":27,"column":4}}},"2":{"name":"(anonymous_10)","decl":{"start":{"line":25,"column":60},"end":{"line":25,"column":null}},"loc":{"start":{"line":25,"column":60},"end":{"line":27,"column":3}}},"3":{"name":"(anonymous_11)","decl":{"start":{"line":29,"column":20},"end":{"line":29,"column":null}},"loc":{"start":{"line":32,"column":6},"end":{"line":39,"column":4}}},"4":{"name":"(anonymous_12)","decl":{"start":{"line":32,"column":6},"end":{"line":32,"column":null}},"loc":{"start":{"line":32,"column":6},"end":{"line":39,"column":3}}},"5":{"name":"(anonymous_13)","decl":{"start":{"line":41,"column":16},"end":{"line":41,"column":null}},"loc":{"start":{"line":44,"column":25},"end":{"line":46,"column":4}}},"6":{"name":"(anonymous_14)","decl":{"start":{"line":44,"column":25},"end":{"line":44,"column":null}},"loc":{"start":{"line":44,"column":25},"end":{"line":46,"column":3}}},"7":{"name":"(anonymous_15)","decl":{"start":{"line":48,"column":22},"end":{"line":48,"column":null}},"loc":{"start":{"line":53,"column":6},"end":{"line":66,"column":4}}},"8":{"name":"(anonymous_16)","decl":{"start":{"line":53,"column":6},"end":{"line":53,"column":null}},"loc":{"start":{"line":53,"column":6},"end":{"line":66,"column":3}}},"9":{"name":"(anonymous_17)","decl":{"start":{"line":68,"column":16},"end":{"line":68,"column":17}},"loc":{"start":{"line":68,"column":56},"end":{"line":70,"column":3}}},"10":{"name":"(anonymous_18)","decl":{"start":{"line":72,"column":22},"end":{"line":72,"column":23}},"loc":{"start":{"line":72,"column":45},"end":{"line":75,"column":3}}},"11":{"name":"(anonymous_19)","decl":{"start":{"line":77,"column":24},"end":{"line":77,"column":null}},"loc":{"start":{"line":81,"column":23},"end":{"line":109,"column":4}}},"12":{"name":"(anonymous_20)","decl":{"start":{"line":81,"column":23},"end":{"line":81,"column":null}},"loc":{"start":{"line":81,"column":23},"end":{"line":109,"column":3}}}},"branchMap":{"0":{"loc":{"start":{"line":55,"column":31},"end":{"line":55,"column":56}},"type":"cond-expr","locations":[{"start":{"line":55,"column":31},"end":{"line":55,"column":56}},{"start":{"line":55,"column":59},"end":{"line":55,"column":75}}]},"1":{"loc":{"start":{"line":82,"column":57},"end":{"line":82,"column":65}},"type":"cond-expr","locations":[{"start":{"line":82,"column":57},"end":{"line":82,"column":65}},{"start":{"line":82,"column":68},"end":{"line":82,"column":73}}]},"2":{"loc":{"start":{"line":85,"column":4},"end":{"line":87,"column":null}},"type":"if","locations":[{"start":{"line":85,"column":4},"end":{"line":87,"column":null}},{"start":{"line":85,"column":4},"end":{"line":87,"column":null}}]},"3":{"loc":{"start":{"line":96,"column":4},"end":{"line":98,"column":null}},"type":"if","locations":[{"start":{"line":96,"column":4},"end":{"line":98,"column":null}},{"start":{"line":96,"column":4},"end":{"line":98,"column":null}}]}},"s":{"0":1,"1":1,"2":1,"3":0,"4":0,"5":0,"6":0,"7":0,"8":0,"9":0,"10":0,"11":0,"12":0,"13":0,"14":0,"15":0,"16":0,"17":0,"18":0,"19":0,"20":0,"21":0,"22":0,"23":0,"24":0,"25":0,"26":0,"27":0,"28":0,"29":0,"30":0,"31":0,"32":0,"33":0,"34":0,"35":0,"36":0,"37":0,"38":0,"39":0,"40":0,"41":0,"42":1},"f":{"0":0,"1":0,"2":0,"3":0,"4":0,"5":0,"6":0,"7":0,"8":0,"9":0,"10":0,"11":0,"12":0},"b":{"0":[0,0],"1":[0,0],"2":[0,0],"3":[0,0]}}
,"/Users/mellet/Development/CsGoNades/csgonades-api/src/nade/Nade.ts": {"path":"/Users/mellet/Development/CsGoNades/csgonades-api/src/nade/Nade.ts","statementMap":{"0":{"start":{"line":3,"column":0},"end":{"line":3,"column":50}},"1":{"start":{"line":168,"column":38},"end":{"line":185,"column":4}},"2":{"start":{"line":187,"column":2},"end":{"line":187,"column":34}},"3":{"start":{"line":163,"column":0},"end":{"line":163,"column":16}}},"fnMap":{"0":{"name":"updatedNadeMerge","decl":{"start":{"line":163,"column":16},"end":{"line":163,"column":32}},"loc":{"start":{"line":166,"column":27},"end":{"line":188,"column":1}}}},"branchMap":{},"s":{"0":1,"1":0,"2":0,"3":1},"f":{"0":0},"b":{}}
,"/Users/mellet/Development/CsGoNades/csgonades-api/src/nade/NadeRepo.ts": {"path":"/Users/mellet/Development/CsGoNades/csgonades-api/src/nade/NadeRepo.ts","statementMap":{"0":{"start":{"line":1,"column":0},"end":{"line":1,"column":28}},"1":{"start":{"line":2,"column":0},"end":{"line":2,"column":null}},"2":{"start":{"line":20,"column":0},"end":{"line":20,"column":50}},"3":{"start":{"line":21,"column":0},"end":{"line":21,"column":50}},"4":{"start":{"line":32,"column":2},"end":{"line":40,"column":4}},"5":{"start":{"line":32,"column":61},"end":{"line":40,"column":4}},"6":{"start":{"line":33,"column":21},"end":{"line":33,"column":78}},"7":{"start":{"line":35,"column":4},"end":{"line":37,"column":null}},"8":{"start":{"line":36,"column":6},"end":{"line":36,"column":18}},"9":{"start":{"line":39,"column":4},"end":{"line":39,"column":17}},"10":{"start":{"line":42,"column":2},"end":{"line":57,"column":4}},"11":{"start":{"line":42,"column":60},"end":{"line":57,"column":4}},"12":{"start":{"line":43,"column":62},"end":{"line":46,"column":6}},"13":{"start":{"line":48,"column":4},"end":{"line":50,"column":null}},"14":{"start":{"line":49,"column":6},"end":{"line":49,"column":42}},"15":{"start":{"line":52,"column":22},"end":{"line":52,"column":64}},"16":{"start":{"line":54,"column":18},"end":{"line":54,"column":47}},"17":{"start":{"line":56,"column":4},"end":{"line":56,"column":17}},"18":{"start":{"line":59,"column":2},"end":{"line":67,"column":4}},"19":{"start":{"line":59,"column":46},"end":{"line":67,"column":4}},"20":{"start":{"line":60,"column":24},"end":{"line":63,"column":6}},"21":{"start":{"line":65,"column":25},"end":{"line":65,"column":56}},"22":{"start":{"line":66,"column":4},"end":{"line":66,"column":24}},"23":{"start":{"line":69,"column":2},"end":{"line":77,"column":4}},"24":{"start":{"line":69,"column":47},"end":{"line":77,"column":4}},"25":{"start":{"line":70,"column":25},"end":{"line":73,"column":6}},"26":{"start":{"line":75,"column":26},"end":{"line":75,"column":58}},"27":{"start":{"line":76,"column":4},"end":{"line":76,"column":25}},"28":{"start":{"line":79,"column":2},"end":{"line":92,"column":4}},"29":{"start":{"line":79,"column":55},"end":{"line":92,"column":4}},"30":{"start":{"line":80,"column":20},"end":{"line":80,"column":54}},"31":{"start":{"line":82,"column":4},"end":{"line":84,"column":null}},"32":{"start":{"line":83,"column":6},"end":{"line":83,"column":52}},"33":{"start":{"line":86,"column":4},"end":{"line":90,"column":null}},"34":{"start":{"line":94,"column":2},"end":{"line":109,"column":4}},"35":{"start":{"line":94,"column":55},"end":{"line":109,"column":4}},"36":{"start":{"line":95,"column":21},"end":{"line":95,"column":78}},"37":{"start":{"line":97,"column":4},"end":{"line":99,"column":null}},"38":{"start":{"line":98,"column":6},"end":{"line":98,"column":52}},"39":{"start":{"line":101,"column":17},"end":{"line":101,"column":28}},"40":{"start":{"line":103,"column":4},"end":{"line":107,"column":null}},"41":{"start":{"line":111,"column":2},"end":{"line":123,"column":4}},"42":{"start":{"line":111,"column":60},"end":{"line":123,"column":4}},"43":{"start":{"line":112,"column":62},"end":{"line":116,"column":6}},"44":{"start":{"line":118,"column":21},"end":{"line":118,"column":63}},"45":{"start":{"line":120,"column":18},"end":{"line":120,"column":46}},"46":{"start":{"line":122,"column":4},"end":{"line":122,"column":17}},"47":{"start":{"line":125,"column":2},"end":{"line":134,"column":4}},"48":{"start":{"line":125,"column":60},"end":{"line":134,"column":4}},"49":{"start":{"line":126,"column":21},"end":{"line":129,"column":6}},"50":{"start":{"line":131,"column":21},"end":{"line":131,"column":49}},"51":{"start":{"line":132,"column":18},"end":{"line":132,"column":64}},"52":{"start":{"line":132,"column":41},"end":{"line":132,"column":63}},"53":{"start":{"line":133,"column":4},"end":{"line":133,"column":17}},"54":{"start":{"line":136,"column":2},"end":{"line":148,"column":4}},"55":{"start":{"line":136,"column":65},"end":{"line":148,"column":4}},"56":{"start":{"line":137,"column":19},"end":{"line":142,"column":null}},"57":{"start":{"line":145,"column":17},"end":{"line":145,"column":54}},"58":{"start":{"line":147,"column":4},"end":{"line":147,"column":32}},"59":{"start":{"line":150,"column":2},"end":{"line":170,"column":4}},"60":{"start":{"line":154,"column":24},"end":{"line":170,"column":4}},"61":{"start":{"line":155,"column":20},"end":{"line":160,"column":null}},"62":{"start":{"line":163,"column":4},"end":{"line":163,"column":49}},"63":{"start":{"line":165,"column":4},"end":{"line":165,"column":56}},"64":{"start":{"line":167,"column":17},"end":{"line":167,"column":43}},"65":{"start":{"line":169,"column":4},"end":{"line":169,"column":16}},"66":{"start":{"line":172,"column":2},"end":{"line":174,"column":4}},"67":{"start":{"line":172,"column":36},"end":{"line":174,"column":4}},"68":{"start":{"line":173,"column":4},"end":{"line":173,"column":42}},"69":{"start":{"line":176,"column":2},"end":{"line":191,"column":4}},"70":{"start":{"line":176,"column":70},"end":{"line":191,"column":4}},"71":{"start":{"line":177,"column":27},"end":{"line":179,"column":6}},"72":{"start":{"line":181,"column":31},"end":{"line":181,"column":38}},"73":{"start":{"line":183,"column":4},"end":{"line":188,"column":7}},"74":{"start":{"line":184,"column":6},"end":{"line":187,"column":9}},"75":{"start":{"line":190,"column":4},"end":{"line":190,"column":19}},"76":{"start":{"line":193,"column":2},"end":{"line":199,"column":4}},"77":{"start":{"line":193,"column":52},"end":{"line":199,"column":4}},"78":{"start":{"line":194,"column":4},"end":{"line":196,"column":7}},"79":{"start":{"line":198,"column":4},"end":{"line":198,"column":32}},"80":{"start":{"line":201,"column":2},"end":{"line":207,"column":4}},"81":{"start":{"line":201,"column":52},"end":{"line":207,"column":4}},"82":{"start":{"line":202,"column":4},"end":{"line":204,"column":7}},"83":{"start":{"line":206,"column":4},"end":{"line":206,"column":32}},"84":{"start":{"line":209,"column":2},"end":{"line":215,"column":4}},"85":{"start":{"line":209,"column":51},"end":{"line":215,"column":4}},"86":{"start":{"line":210,"column":4},"end":{"line":212,"column":7}},"87":{"start":{"line":214,"column":4},"end":{"line":214,"column":32}},"88":{"start":{"line":217,"column":2},"end":{"line":223,"column":4}},"89":{"start":{"line":217,"column":51},"end":{"line":223,"column":4}},"90":{"start":{"line":218,"column":4},"end":{"line":220,"column":7}},"91":{"start":{"line":222,"column":4},"end":{"line":222,"column":32}},"92":{"start":{"line":225,"column":2},"end":{"line":231,"column":4}},"93":{"start":{"line":225,"column":49},"end":{"line":231,"column":4}},"94":{"start":{"line":226,"column":4},"end":{"line":228,"column":7}},"95":{"start":{"line":230,"column":4},"end":{"line":230,"column":32}},"96":{"start":{"line":233,"column":2},"end":{"line":238,"column":4}},"97":{"start":{"line":233,"column":50},"end":{"line":238,"column":4}},"98":{"start":{"line":234,"column":4},"end":{"line":236,"column":7}},"99":{"start":{"line":237,"column":4},"end":{"line":237,"column":32}},"100":{"start":{"line":240,"column":2},"end":{"line":245,"column":4}},"101":{"start":{"line":240,"column":51},"end":{"line":245,"column":4}},"102":{"start":{"line":241,"column":4},"end":{"line":243,"column":7}},"103":{"start":{"line":244,"column":4},"end":{"line":244,"column":32}},"104":{"start":{"line":247,"column":2},"end":{"line":252,"column":4}},"105":{"start":{"line":247,"column":52},"end":{"line":252,"column":4}},"106":{"start":{"line":248,"column":4},"end":{"line":250,"column":7}},"107":{"start":{"line":251,"column":4},"end":{"line":251,"column":32}},"108":{"start":{"line":254,"column":10},"end":{"line":261,"column":4}},"109":{"start":{"line":255,"column":4},"end":{"line":259,"column":null}},"110":{"start":{"line":263,"column":10},"end":{"line":279,"column":4}},"111":{"start":{"line":264,"column":26},"end":{"line":264,"column":79}},"112":{"start":{"line":265,"column":21},"end":{"line":265,"column":44}},"113":{"start":{"line":267,"column":29},"end":{"line":270,"column":null}},"114":{"start":{"line":272,"column":21},"end":{"line":272,"column":58}},"115":{"start":{"line":275,"column":23},"end":{"line":275,"column":53}},"116":{"start":{"line":276,"column":21},"end":{"line":276,"column":61}},"117":{"start":{"line":278,"column":4},"end":{"line":278,"column":31}},"118":{"start":{"line":295,"column":10},"end":{"line":313,"column":4}},"119":{"start":{"line":300,"column":26},"end":{"line":300,"column":48}},"120":{"start":{"line":301,"column":25},"end":{"line":301,"column":42}},"121":{"start":{"line":302,"column":19},"end":{"line":302,"column":59}},"122":{"start":{"line":304,"column":23},"end":{"line":304,"column":41}},"123":{"start":{"line":306,"column":4},"end":{"line":308,"column":null}},"124":{"start":{"line":307,"column":6},"end":{"line":307,"column":39}},"125":{"start":{"line":310,"column":29},"end":{"line":310,"column":67}},"126":{"start":{"line":312,"column":4},"end":{"line":312,"column":28}},"127":{"start":{"line":29,"column":4},"end":{"line":29,"column":42}},"128":{"start":{"line":282,"column":28},"end":{"line":282,"column":64}},"129":{"start":{"line":284,"column":4},"end":{"line":292,"column":null}},"130":{"start":{"line":285,"column":6},"end":{"line":285,"column":34}},"131":{"start":{"line":286,"column":11},"end":{"line":292,"column":null}},"132":{"start":{"line":287,"column":6},"end":{"line":287,"column":36}},"133":{"start":{"line":288,"column":11},"end":{"line":292,"column":null}},"134":{"start":{"line":289,"column":6},"end":{"line":289,"column":36}},"135":{"start":{"line":291,"column":6},"end":{"line":291,"column":15}},"136":{"start":{"line":25,"column":0},"end":{"line":25,"column":13}}},"fnMap":{"0":{"name":"(anonymous_8)","decl":{"start":{"line":28,"column":2},"end":{"line":28,"column":null}},"loc":{"start":{"line":28,"column":2},"end":{"line":30,"column":3}}},"1":{"name":"(anonymous_9)","decl":{"start":{"line":32,"column":20},"end":{"line":32,"column":27}},"loc":{"start":{"line":32,"column":61},"end":{"line":40,"column":4}}},"2":{"name":"(anonymous_10)","decl":{"start":{"line":32,"column":61},"end":{"line":32,"column":null}},"loc":{"start":{"line":32,"column":61},"end":{"line":40,"column":3}}},"3":{"name":"(anonymous_11)","decl":{"start":{"line":42,"column":11},"end":{"line":42,"column":18}},"loc":{"start":{"line":42,"column":60},"end":{"line":57,"column":4}}},"4":{"name":"(anonymous_12)","decl":{"start":{"line":42,"column":60},"end":{"line":42,"column":null}},"loc":{"start":{"line":42,"column":60},"end":{"line":57,"column":3}}},"5":{"name":"(anonymous_13)","decl":{"start":{"line":59,"column":15},"end":{"line":59,"column":44}},"loc":{"start":{"line":59,"column":46},"end":{"line":67,"column":4}}},"6":{"name":"(anonymous_14)","decl":{"start":{"line":59,"column":46},"end":{"line":59,"column":null}},"loc":{"start":{"line":59,"column":46},"end":{"line":67,"column":3}}},"7":{"name":"(anonymous_15)","decl":{"start":{"line":69,"column":16},"end":{"line":69,"column":45}},"loc":{"start":{"line":69,"column":47},"end":{"line":77,"column":4}}},"8":{"name":"(anonymous_16)","decl":{"start":{"line":69,"column":47},"end":{"line":69,"column":null}},"loc":{"start":{"line":69,"column":47},"end":{"line":77,"column":3}}},"9":{"name":"(anonymous_17)","decl":{"start":{"line":79,"column":12},"end":{"line":79,"column":19}},"loc":{"start":{"line":79,"column":55},"end":{"line":92,"column":4}}},"10":{"name":"(anonymous_18)","decl":{"start":{"line":79,"column":55},"end":{"line":79,"column":null}},"loc":{"start":{"line":79,"column":55},"end":{"line":92,"column":3}}},"11":{"name":"(anonymous_19)","decl":{"start":{"line":94,"column":14},"end":{"line":94,"column":21}},"loc":{"start":{"line":94,"column":55},"end":{"line":109,"column":4}}},"12":{"name":"(anonymous_20)","decl":{"start":{"line":94,"column":55},"end":{"line":94,"column":null}},"loc":{"start":{"line":94,"column":55},"end":{"line":109,"column":3}}},"13":{"name":"(anonymous_21)","decl":{"start":{"line":111,"column":13},"end":{"line":111,"column":20}},"loc":{"start":{"line":111,"column":60},"end":{"line":123,"column":4}}},"14":{"name":"(anonymous_22)","decl":{"start":{"line":111,"column":60},"end":{"line":111,"column":null}},"loc":{"start":{"line":111,"column":60},"end":{"line":123,"column":3}}},"15":{"name":"(anonymous_23)","decl":{"start":{"line":125,"column":14},"end":{"line":125,"column":21}},"loc":{"start":{"line":125,"column":60},"end":{"line":134,"column":4}}},"16":{"name":"(anonymous_24)","decl":{"start":{"line":125,"column":60},"end":{"line":125,"column":null}},"loc":{"start":{"line":125,"column":60},"end":{"line":134,"column":3}}},"17":{"name":"(anonymous_25)","decl":{"start":{"line":132,"column":34},"end":{"line":132,"column":35}},"loc":{"start":{"line":132,"column":41},"end":{"line":132,"column":63}}},"18":{"name":"(anonymous_26)","decl":{"start":{"line":136,"column":9},"end":{"line":136,"column":16}},"loc":{"start":{"line":136,"column":65},"end":{"line":148,"column":4}}},"19":{"name":"(anonymous_27)","decl":{"start":{"line":136,"column":65},"end":{"line":136,"column":null}},"loc":{"start":{"line":136,"column":65},"end":{"line":148,"column":3}}},"20":{"name":"(anonymous_28)","decl":{"start":{"line":150,"column":11},"end":{"line":150,"column":null}},"loc":{"start":{"line":154,"column":24},"end":{"line":170,"column":4}}},"21":{"name":"(anonymous_29)","decl":{"start":{"line":154,"column":24},"end":{"line":154,"column":null}},"loc":{"start":{"line":154,"column":24},"end":{"line":170,"column":3}}},"22":{"name":"(anonymous_30)","decl":{"start":{"line":172,"column":11},"end":{"line":172,"column":18}},"loc":{"start":{"line":172,"column":36},"end":{"line":174,"column":4}}},"23":{"name":"(anonymous_31)","decl":{"start":{"line":172,"column":36},"end":{"line":172,"column":null}},"loc":{"start":{"line":172,"column":36},"end":{"line":174,"column":3}}},"24":{"name":"(anonymous_32)","decl":{"start":{"line":176,"column":22},"end":{"line":176,"column":29}},"loc":{"start":{"line":176,"column":70},"end":{"line":191,"column":4}}},"25":{"name":"(anonymous_33)","decl":{"start":{"line":176,"column":70},"end":{"line":176,"column":null}},"loc":{"start":{"line":176,"column":70},"end":{"line":191,"column":3}}},"26":{"name":"(anonymous_34)","decl":{"start":{"line":183,"column":27},"end":{"line":183,"column":28}},"loc":{"start":{"line":183,"column":35},"end":{"line":188,"column":5}}},"27":{"name":"(anonymous_35)","decl":{"start":{"line":193,"column":27},"end":{"line":193,"column":34}},"loc":{"start":{"line":193,"column":52},"end":{"line":199,"column":4}}},"28":{"name":"(anonymous_36)","decl":{"start":{"line":193,"column":52},"end":{"line":193,"column":null}},"loc":{"start":{"line":193,"column":52},"end":{"line":199,"column":3}}},"29":{"name":"(anonymous_37)","decl":{"start":{"line":201,"column":27},"end":{"line":201,"column":34}},"loc":{"start":{"line":201,"column":52},"end":{"line":207,"column":4}}},"30":{"name":"(anonymous_38)","decl":{"start":{"line":201,"column":52},"end":{"line":201,"column":null}},"loc":{"start":{"line":201,"column":52},"end":{"line":207,"column":3}}},"31":{"name":"(anonymous_39)","decl":{"start":{"line":209,"column":26},"end":{"line":209,"column":33}},"loc":{"start":{"line":209,"column":51},"end":{"line":215,"column":4}}},"32":{"name":"(anonymous_40)","decl":{"start":{"line":209,"column":51},"end":{"line":209,"column":null}},"loc":{"start":{"line":209,"column":51},"end":{"line":215,"column":3}}},"33":{"name":"(anonymous_41)","decl":{"start":{"line":217,"column":26},"end":{"line":217,"column":33}},"loc":{"start":{"line":217,"column":51},"end":{"line":223,"column":4}}},"34":{"name":"(anonymous_42)","decl":{"start":{"line":217,"column":51},"end":{"line":217,"column":null}},"loc":{"start":{"line":217,"column":51},"end":{"line":223,"column":3}}},"35":{"name":"(anonymous_43)","decl":{"start":{"line":225,"column":24},"end":{"line":225,"column":31}},"loc":{"start":{"line":225,"column":49},"end":{"line":231,"column":4}}},"36":{"name":"(anonymous_44)","decl":{"start":{"line":225,"column":49},"end":{"line":225,"column":null}},"loc":{"start":{"line":225,"column":49},"end":{"line":231,"column":3}}},"37":{"name":"(anonymous_45)","decl":{"start":{"line":233,"column":25},"end":{"line":233,"column":32}},"loc":{"start":{"line":233,"column":50},"end":{"line":238,"column":4}}},"38":{"name":"(anonymous_46)","decl":{"start":{"line":233,"column":50},"end":{"line":233,"column":null}},"loc":{"start":{"line":233,"column":50},"end":{"line":238,"column":3}}},"39":{"name":"(anonymous_47)","decl":{"start":{"line":240,"column":26},"end":{"line":240,"column":33}},"loc":{"start":{"line":240,"column":51},"end":{"line":245,"column":4}}},"40":{"name":"(anonymous_48)","decl":{"start":{"line":240,"column":51},"end":{"line":240,"column":null}},"loc":{"start":{"line":240,"column":51},"end":{"line":245,"column":3}}},"41":{"name":"(anonymous_49)","decl":{"start":{"line":247,"column":27},"end":{"line":247,"column":34}},"loc":{"start":{"line":247,"column":52},"end":{"line":252,"column":4}}},"42":{"name":"(anonymous_50)","decl":{"start":{"line":247,"column":52},"end":{"line":247,"column":null}},"loc":{"start":{"line":247,"column":52},"end":{"line":252,"column":3}}},"43":{"name":"(anonymous_51)","decl":{"start":{"line":254,"column":22},"end":{"line":254,"column":23}},"loc":{"start":{"line":254,"column":55},"end":{"line":261,"column":3}}},"44":{"name":"(anonymous_52)","decl":{"start":{"line":263,"column":22},"end":{"line":263,"column":23}},"loc":{"start":{"line":263,"column":50},"end":{"line":279,"column":3}}},"45":{"name":"(anonymous_53)","decl":{"start":{"line":295,"column":29},"end":{"line":295,"column":null}},"loc":{"start":{"line":299,"column":6},"end":{"line":313,"column":3}}},"46":{"name":"(anonymous_54)","decl":{"start":{"line":281,"column":10},"end":{"line":281,"column":20}},"loc":{"start":{"line":281,"column":42},"end":{"line":293,"column":3}}}},"branchMap":{"0":{"loc":{"start":{"line":35,"column":4},"end":{"line":37,"column":null}},"type":"if","locations":[{"start":{"line":35,"column":4},"end":{"line":37,"column":null}},{"start":{"line":35,"column":4},"end":{"line":37,"column":null}}]},"1":{"loc":{"start":{"line":48,"column":4},"end":{"line":50,"column":null}},"type":"if","locations":[{"start":{"line":48,"column":4},"end":{"line":50,"column":null}},{"start":{"line":48,"column":4},"end":{"line":50,"column":null}}]},"2":{"loc":{"start":{"line":82,"column":4},"end":{"line":84,"column":null}},"type":"if","locations":[{"start":{"line":82,"column":4},"end":{"line":84,"column":null}},{"start":{"line":82,"column":4},"end":{"line":84,"column":null}}]},"3":{"loc":{"start":{"line":97,"column":4},"end":{"line":99,"column":null}},"type":"if","locations":[{"start":{"line":97,"column":4},"end":{"line":99,"column":null}},{"start":{"line":97,"column":4},"end":{"line":99,"column":null}}]},"4":{"loc":{"start":{"line":158,"column":10},"end":{"line":158,"column":29}},"type":"cond-expr","locations":[{"start":{"line":158,"column":10},"end":{"line":158,"column":29}},{"start":{"line":159,"column":10},"end":{"line":159,"column":19}}]},"5":{"loc":{"start":{"line":160,"column":36},"end":{"line":160,"column":55}},"type":"cond-expr","locations":[{"start":{"line":160,"column":36},"end":{"line":160,"column":55}},{"start":{"line":160,"column":58},"end":{"line":160,"column":67}}]},"6":{"loc":{"start":{"line":265,"column":34},"end":{"line":265,"column":38}},"type":"cond-expr","locations":[{"start":{"line":265,"column":34},"end":{"line":265,"column":38}},{"start":{"line":265,"column":41},"end":{"line":265,"column":44}}]},"7":{"loc":{"start":{"line":301,"column":25},"end":{"line":301,"column":37}},"type":"binary-expr","locations":[{"start":{"line":301,"column":25},"end":{"line":301,"column":37}},{"start":{"line":301,"column":41},"end":{"line":301,"column":42}}]},"8":{"loc":{"start":{"line":302,"column":42},"end":{"line":302,"column":43}},"type":"cond-expr","locations":[{"start":{"line":302,"column":42},"end":{"line":302,"column":43}},{"start":{"line":302,"column":46},"end":{"line":302,"column":59}}]},"9":{"loc":{"start":{"line":302,"column":20},"end":{"line":302,"column":28}},"type":"binary-expr","locations":[{"start":{"line":302,"column":20},"end":{"line":302,"column":28}},{"start":{"line":302,"column":32},"end":{"line":302,"column":33}}]},"10":{"loc":{"start":{"line":302,"column":46},"end":{"line":302,"column":54}},"type":"binary-expr","locations":[{"start":{"line":302,"column":46},"end":{"line":302,"column":54}},{"start":{"line":302,"column":58},"end":{"line":302,"column":59}}]},"11":{"loc":{"start":{"line":306,"column":4},"end":{"line":308,"column":null}},"type":"if","locations":[{"start":{"line":306,"column":4},"end":{"line":308,"column":null}},{"start":{"line":306,"column":4},"end":{"line":308,"column":null}}]},"12":{"loc":{"start":{"line":310,"column":38},"end":{"line":310,"column":61}},"type":"binary-expr","locations":[{"start":{"line":310,"column":38},"end":{"line":310,"column":61}},{"start":{"line":310,"column":65},"end":{"line":310,"column":66}}]},"13":{"loc":{"start":{"line":282,"column":37},"end":{"line":282,"column":58}},"type":"binary-expr","locations":[{"start":{"line":282,"column":37},"end":{"line":282,"column":58}},{"start":{"line":282,"column":62},"end":{"line":282,"column":63}}]},"14":{"loc":{"start":{"line":284,"column":4},"end":{"line":292,"column":null}},"type":"if","locations":[{"start":{"line":284,"column":4},"end":{"line":292,"column":null}},{"start":{"line":284,"column":4},"end":{"line":292,"column":null}}]},"15":{"loc":{"start":{"line":286,"column":11},"end":{"line":292,"column":null}},"type":"if","locations":[{"start":{"line":286,"column":11},"end":{"line":292,"column":null}},{"start":{"line":286,"column":11},"end":{"line":292,"column":null}}]},"16":{"loc":{"start":{"line":288,"column":11},"end":{"line":292,"column":null}},"type":"if","locations":[{"start":{"line":288,"column":11},"end":{"line":292,"column":null}},{"start":{"line":288,"column":11},"end":{"line":292,"column":null}}]}},"s":{"0":1,"1":1,"2":1,"3":1,"4":0,"5":0,"6":0,"7":0,"8":0,"9":0,"10":0,"11":0,"12":0,"13":0,"14":0,"15":0,"16":0,"17":0,"18":0,"19":0,"20":0,"21":0,"22":0,"23":0,"24":0,"25":0,"26":0,"27":0,"28":0,"29":0,"30":0,"31":0,"32":0,"33":0,"34":0,"35":0,"36":0,"37":0,"38":0,"39":0,"40":0,"41":0,"42":0,"43":0,"44":0,"45":0,"46":0,"47":0,"48":0,"49":0,"50":0,"51":0,"52":0,"53":0,"54":0,"55":0,"56":0,"57":0,"58":0,"59":0,"60":0,"61":0,"62":0,"63":0,"64":0,"65":0,"66":0,"67":0,"68":0,"69":0,"70":0,"71":0,"72":0,"73":0,"74":0,"75":0,"76":0,"77":0,"78":0,"79":0,"80":0,"81":0,"82":0,"83":0,"84":0,"85":0,"86":0,"87":0,"88":0,"89":0,"90":0,"91":0,"92":0,"93":0,"94":0,"95":0,"96":0,"97":0,"98":0,"99":0,"100":0,"101":0,"102":0,"103":0,"104":0,"105":0,"106":0,"107":0,"108":0,"109":0,"110":0,"111":0,"112":0,"113":0,"114":0,"115":0,"116":0,"117":0,"118":0,"119":0,"120":0,"121":0,"122":0,"123":0,"124":0,"125":0,"126":0,"127":0,"128":0,"129":0,"130":0,"131":0,"132":0,"133":0,"134":0,"135":0,"136":1},"f":{"0":0,"1":0,"2":0,"3":0,"4":0,"5":0,"6":0,"7":0,"8":0,"9":0,"10":0,"11":0,"12":0,"13":0,"14":0,"15":0,"16":0,"17":0,"18":0,"19":0,"20":0,"21":0,"22":0,"23":0,"24":0,"25":0,"26":0,"27":0,"28":0,"29":0,"30":0,"31":0,"32":0,"33":0,"34":0,"35":0,"36":0,"37":0,"38":0,"39":0,"40":0,"41":0,"42":0,"43":0,"44":0,"45":0,"46":0},"b":{"0":[0,0],"1":[0,0],"2":[0,0],"3":[0,0],"4":[0,0],"5":[0,0],"6":[0,0],"7":[0,0],"8":[0,0],"9":[0,0],"10":[0,0],"11":[0,0],"12":[0,0],"13":[0,0],"14":[0,0],"15":[0,0],"16":[0,0]}}
,"/Users/mellet/Development/CsGoNades/csgonades-api/src/nade/NadeService.ts": {"path":"/Users/mellet/Development/CsGoNades/csgonades-api/src/nade/NadeService.ts","statementMap":{"0":{"start":{"line":1,"column":0},"end":{"line":1,"column":28}},"1":{"start":{"line":11,"column":0},"end":{"line":11,"column":57}},"2":{"start":{"line":12,"column":0},"end":{"line":12,"column":50}},"3":{"start":{"line":13,"column":0},"end":{"line":13,"column":null}},"4":{"start":{"line":66,"column":2},"end":{"line":68,"column":4}},"5":{"start":{"line":66,"column":43},"end":{"line":68,"column":4}},"6":{"start":{"line":67,"column":4},"end":{"line":67,"column":47}},"7":{"start":{"line":70,"column":2},"end":{"line":74,"column":4}},"8":{"start":{"line":70,"column":64},"end":{"line":74,"column":4}},"9":{"start":{"line":71,"column":18},"end":{"line":71,"column":51}},"10":{"start":{"line":73,"column":4},"end":{"line":73,"column":38}},"11":{"start":{"line":76,"column":2},"end":{"line":80,"column":4}},"12":{"start":{"line":76,"column":51},"end":{"line":80,"column":4}},"13":{"start":{"line":77,"column":24},"end":{"line":77,"column":56}},"14":{"start":{"line":79,"column":4},"end":{"line":79,"column":44}},"15":{"start":{"line":82,"column":2},"end":{"line":86,"column":4}},"16":{"start":{"line":82,"column":52},"end":{"line":86,"column":4}},"17":{"start":{"line":83,"column":25},"end":{"line":83,"column":58}},"18":{"start":{"line":85,"column":4},"end":{"line":85,"column":45}},"19":{"start":{"line":88,"column":2},"end":{"line":93,"column":4}},"20":{"start":{"line":88,"column":55},"end":{"line":93,"column":4}},"21":{"start":{"line":89,"column":15},"end":{"line":89,"column":50}},"22":{"start":{"line":90,"column":4},"end":{"line":90,"column":49}},"23":{"start":{"line":92,"column":4},"end":{"line":92,"column":16}},"24":{"start":{"line":95,"column":2},"end":{"line":100,"column":4}},"25":{"start":{"line":95,"column":55},"end":{"line":100,"column":4}},"26":{"start":{"line":96,"column":15},"end":{"line":96,"column":50}},"27":{"start":{"line":97,"column":4},"end":{"line":97,"column":49}},"28":{"start":{"line":99,"column":4},"end":{"line":99,"column":16}},"29":{"start":{"line":102,"column":2},"end":{"line":106,"column":4}},"30":{"start":{"line":102,"column":61},"end":{"line":106,"column":4}},"31":{"start":{"line":103,"column":18},"end":{"line":103,"column":51}},"32":{"start":{"line":105,"column":4},"end":{"line":105,"column":38}},"33":{"start":{"line":108,"column":2},"end":{"line":112,"column":4}},"34":{"start":{"line":108,"column":65},"end":{"line":112,"column":4}},"35":{"start":{"line":109,"column":23},"end":{"line":109,"column":61}},"36":{"start":{"line":111,"column":4},"end":{"line":111,"column":43}},"37":{"start":{"line":114,"column":2},"end":{"line":189,"column":4}},"38":{"start":{"line":117,"column":31},"end":{"line":189,"column":4}},"39":{"start":{"line":118,"column":37},"end":{"line":121,"column":6}},"40":{"start":{"line":123,"column":17},"end":{"line":123,"column":50}},"41":{"start":{"line":125,"column":38},"end":{"line":129,"column":6}},"42":{"start":{"line":131,"column":23},"end":{"line":131,"column":76}},"43":{"start":{"line":133,"column":4},"end":{"line":137,"column":null}},"44":{"start":{"line":134,"column":6},"end":{"line":136,"column":8}},"45":{"start":{"line":139,"column":24},"end":{"line":141,"column":null}},"46":{"start":{"line":144,"column":4},"end":{"line":144,"column":77}},"47":{"start":{"line":145,"column":4},"end":{"line":145,"column":48}},"48":{"start":{"line":149,"column":4},"end":{"line":160,"column":null}},"49":{"start":{"line":150,"column":26},"end":{"line":152,"column":null}},"50":{"start":{"line":154,"column":6},"end":{"line":157,"column":8}},"51":{"start":{"line":158,"column":6},"end":{"line":158,"column":76}},"52":{"start":{"line":159,"column":6},"end":{"line":159,"column":47}},"53":{"start":{"line":162,"column":27},"end":{"line":162,"column":40}},"54":{"start":{"line":164,"column":19},"end":{"line":181,"column":null}},"55":{"start":{"line":184,"column":17},"end":{"line":184,"column":52}},"56":{"start":{"line":185,"column":4},"end":{"line":185,"column":48}},"57":{"start":{"line":186,"column":4},"end":{"line":186,"column":49}},"58":{"start":{"line":188,"column":4},"end":{"line":188,"column":16}},"59":{"start":{"line":191,"column":2},"end":{"line":204,"column":4}},"60":{"start":{"line":191,"column":36},"end":{"line":204,"column":4}},"61":{"start":{"line":192,"column":17},"end":{"line":192,"column":52}},"62":{"start":{"line":194,"column":4},"end":{"line":194,"column":62}},"63":{"start":{"line":196,"column":4},"end":{"line":198,"column":null}},"64":{"start":{"line":197,"column":6},"end":{"line":197,"column":61}},"65":{"start":{"line":200,"column":4},"end":{"line":200,"column":51}},"66":{"start":{"line":201,"column":4},"end":{"line":201,"column":54}},"67":{"start":{"line":202,"column":4},"end":{"line":202,"column":40}},"68":{"start":{"line":203,"column":4},"end":{"line":203,"column":48}},"69":{"start":{"line":206,"column":2},"end":{"line":290,"column":4}},"70":{"start":{"line":209,"column":31},"end":{"line":290,"column":4}},"71":{"start":{"line":210,"column":25},"end":{"line":210,"column":51}},"72":{"start":{"line":216,"column":4},"end":{"line":231,"column":null}},"73":{"start":{"line":218,"column":6},"end":{"line":218,"column":72}},"74":{"start":{"line":221,"column":24},"end":{"line":223,"column":null}},"75":{"start":{"line":226,"column":6},"end":{"line":230,"column":8}},"76":{"start":{"line":234,"column":4},"end":{"line":267,"column":null}},"77":{"start":{"line":236,"column":6},"end":{"line":238,"column":null}},"78":{"start":{"line":237,"column":8},"end":{"line":237,"column":71}},"79":{"start":{"line":239,"column":6},"end":{"line":241,"column":null}},"80":{"start":{"line":240,"column":8},"end":{"line":240,"column":78}},"81":{"start":{"line":243,"column":29},"end":{"line":245,"column":null}},"82":{"start":{"line":247,"column":6},"end":{"line":250,"column":8}},"83":{"start":{"line":253,"column":6},"end":{"line":266,"column":null}},"84":{"start":{"line":254,"column":8},"end":{"line":259,"column":10}},"85":{"start":{"line":261,"column":8},"end":{"line":265,"column":10}},"86":{"start":{"line":269,"column":23},"end":{"line":272,"column":null}},"87":{"start":{"line":275,"column":24},"end":{"line":275,"column":76}},"88":{"start":{"line":277,"column":4},"end":{"line":287,"column":null}},"89":{"start":{"line":281,"column":6},"end":{"line":281,"column":61}},"90":{"start":{"line":282,"column":11},"end":{"line":287,"column":null}},"91":{"start":{"line":286,"column":6},"end":{"line":286,"column":61}},"92":{"start":{"line":289,"column":4},"end":{"line":289,"column":23}},"93":{"start":{"line":292,"column":10},"end":{"line":318,"column":4}},"94":{"start":{"line":293,"column":4},"end":{"line":295,"column":null}},"95":{"start":{"line":294,"column":6},"end":{"line":294,"column":18}},"96":{"start":{"line":297,"column":29},"end":{"line":300,"column":null}},"97":{"start":{"line":303,"column":32},"end":{"line":303,"column":33}},"98":{"start":{"line":304,"column":32},"end":{"line":304,"column":34}},"99":{"start":{"line":306,"column":33},"end":{"line":309,"column":null}},"100":{"start":{"line":312,"column":24},"end":{"line":312,"column":45}},"101":{"start":{"line":313,"column":29},"end":{"line":313,"column":79}},"102":{"start":{"line":315,"column":25},"end":{"line":315,"column":65}},"103":{"start":{"line":317,"column":4},"end":{"line":317,"column":24}},"104":{"start":{"line":320,"column":10},"end":{"line":350,"column":4}},"105":{"start":{"line":321,"column":4},"end":{"line":323,"column":null}},"106":{"start":{"line":322,"column":6},"end":{"line":322,"column":16}},"107":{"start":{"line":325,"column":29},"end":{"line":328,"column":null}},"108":{"start":{"line":331,"column":32},"end":{"line":331,"column":33}},"109":{"start":{"line":332,"column":32},"end":{"line":332,"column":34}},"110":{"start":{"line":334,"column":33},"end":{"line":337,"column":null}},"111":{"start":{"line":340,"column":24},"end":{"line":340,"column":45}},"112":{"start":{"line":341,"column":29},"end":{"line":341,"column":79}},"113":{"start":{"line":343,"column":23},"end":{"line":343,"column":62}},"114":{"start":{"line":345,"column":4},"end":{"line":347,"column":null}},"115":{"start":{"line":346,"column":6},"end":{"line":346,"column":15}},"116":{"start":{"line":349,"column":4},"end":{"line":349,"column":22}},"117":{"start":{"line":352,"column":2},"end":{"line":374,"column":4}},"118":{"start":{"line":352,"column":78},"end":{"line":374,"column":4}},"119":{"start":{"line":353,"column":4},"end":{"line":373,"column":null}},"120":{"start":{"line":354,"column":19},"end":{"line":354,"column":45}},"121":{"start":{"line":355,"column":19},"end":{"line":355,"column":52}},"122":{"start":{"line":357,"column":6},"end":{"line":360,"column":null}},"123":{"start":{"line":359,"column":8},"end":{"line":359,"column":21}},"124":{"start":{"line":362,"column":6},"end":{"line":364,"column":null}},"125":{"start":{"line":363,"column":8},"end":{"line":363,"column":20}},"126":{"start":{"line":366,"column":6},"end":{"line":368,"column":null}},"127":{"start":{"line":367,"column":8},"end":{"line":367,"column":20}},"128":{"start":{"line":370,"column":6},"end":{"line":370,"column":19}},"129":{"start":{"line":372,"column":6},"end":{"line":372,"column":19}},"130":{"start":{"line":376,"column":10},"end":{"line":409,"column":4}},"131":{"start":{"line":376,"column":75},"end":{"line":409,"column":4}},"132":{"start":{"line":377,"column":25},"end":{"line":377,"column":53}},"133":{"start":{"line":379,"column":4},"end":{"line":381,"column":null}},"134":{"start":{"line":380,"column":6},"end":{"line":380,"column":18}},"135":{"start":{"line":383,"column":19},"end":{"line":383,"column":72}},"136":{"start":{"line":385,"column":4},"end":{"line":388,"column":null}},"137":{"start":{"line":387,"column":6},"end":{"line":387,"column":18}},"138":{"start":{"line":390,"column":49},"end":{"line":404,"column":6}},"139":{"start":{"line":406,"column":24},"end":{"line":406,"column":77}},"140":{"start":{"line":408,"column":4},"end":{"line":408,"column":23}},"141":{"start":{"line":411,"column":10},"end":{"line":440,"column":4}},"142":{"start":{"line":412,"column":4},"end":{"line":439,"column":6}},"143":{"start":{"line":55,"column":8},"end":{"line":55,"column":12}},"144":{"start":{"line":57,"column":4},"end":{"line":57,"column":29}},"145":{"start":{"line":58,"column":4},"end":{"line":58,"column":31}},"146":{"start":{"line":59,"column":4},"end":{"line":59,"column":31}},"147":{"start":{"line":60,"column":4},"end":{"line":60,"column":31}},"148":{"start":{"line":61,"column":4},"end":{"line":61,"column":35}},"149":{"start":{"line":62,"column":4},"end":{"line":62,"column":45}},"150":{"start":{"line":63,"column":4},"end":{"line":63,"column":37}},"151":{"start":{"line":36,"column":0},"end":{"line":36,"column":13}},"152":{"start":{"line":444,"column":2},"end":{"line":446,"column":null}},"153":{"start":{"line":445,"column":4},"end":{"line":445,"column":21}},"154":{"start":{"line":447,"column":18},"end":{"line":447,"column":51}},"155":{"start":{"line":448,"column":2},"end":{"line":448,"column":27}}},"fnMap":{"0":{"name":"(anonymous_8)","decl":{"start":{"line":46,"column":2},"end":{"line":46,"column":14}},"loc":{"start":{"line":46,"column":35},"end":{"line":64,"column":3}}},"1":{"name":"(anonymous_9)","decl":{"start":{"line":66,"column":20},"end":{"line":66,"column":27}},"loc":{"start":{"line":66,"column":43},"end":{"line":68,"column":4}}},"2":{"name":"(anonymous_10)","decl":{"start":{"line":66,"column":43},"end":{"line":66,"column":null}},"loc":{"start":{"line":66,"column":43},"end":{"line":68,"column":3}}},"3":{"name":"(anonymous_11)","decl":{"start":{"line":70,"column":14},"end":{"line":70,"column":21}},"loc":{"start":{"line":70,"column":64},"end":{"line":74,"column":4}}},"4":{"name":"(anonymous_12)","decl":{"start":{"line":70,"column":64},"end":{"line":70,"column":null}},"loc":{"start":{"line":70,"column":64},"end":{"line":74,"column":3}}},"5":{"name":"(anonymous_13)","decl":{"start":{"line":76,"column":15},"end":{"line":76,"column":49}},"loc":{"start":{"line":76,"column":51},"end":{"line":80,"column":4}}},"6":{"name":"(anonymous_14)","decl":{"start":{"line":76,"column":51},"end":{"line":76,"column":null}},"loc":{"start":{"line":76,"column":51},"end":{"line":80,"column":3}}},"7":{"name":"(anonymous_15)","decl":{"start":{"line":82,"column":16},"end":{"line":82,"column":50}},"loc":{"start":{"line":82,"column":52},"end":{"line":86,"column":4}}},"8":{"name":"(anonymous_16)","decl":{"start":{"line":82,"column":52},"end":{"line":82,"column":null}},"loc":{"start":{"line":82,"column":52},"end":{"line":86,"column":3}}},"9":{"name":"(anonymous_17)","decl":{"start":{"line":88,"column":12},"end":{"line":88,"column":19}},"loc":{"start":{"line":88,"column":55},"end":{"line":93,"column":4}}},"10":{"name":"(anonymous_18)","decl":{"start":{"line":88,"column":55},"end":{"line":88,"column":null}},"loc":{"start":{"line":88,"column":55},"end":{"line":93,"column":3}}},"11":{"name":"(anonymous_19)","decl":{"start":{"line":95,"column":14},"end":{"line":95,"column":21}},"loc":{"start":{"line":95,"column":55},"end":{"line":100,"column":4}}},"12":{"name":"(anonymous_20)","decl":{"start":{"line":95,"column":55},"end":{"line":95,"column":null}},"loc":{"start":{"line":95,"column":55},"end":{"line":100,"column":3}}},"13":{"name":"(anonymous_21)","decl":{"start":{"line":102,"column":13},"end":{"line":102,"column":20}},"loc":{"start":{"line":102,"column":61},"end":{"line":106,"column":4}}},"14":{"name":"(anonymous_22)","decl":{"start":{"line":102,"column":61},"end":{"line":102,"column":null}},"loc":{"start":{"line":102,"column":61},"end":{"line":106,"column":3}}},"15":{"name":"(anonymous_23)","decl":{"start":{"line":108,"column":14},"end":{"line":108,"column":21}},"loc":{"start":{"line":108,"column":65},"end":{"line":112,"column":4}}},"16":{"name":"(anonymous_24)","decl":{"start":{"line":108,"column":65},"end":{"line":108,"column":null}},"loc":{"start":{"line":108,"column":65},"end":{"line":112,"column":3}}},"17":{"name":"(anonymous_25)","decl":{"start":{"line":114,"column":9},"end":{"line":114,"column":null}},"loc":{"start":{"line":117,"column":31},"end":{"line":189,"column":4}}},"18":{"name":"(anonymous_26)","decl":{"start":{"line":117,"column":31},"end":{"line":117,"column":null}},"loc":{"start":{"line":117,"column":31},"end":{"line":189,"column":3}}},"19":{"name":"(anonymous_27)","decl":{"start":{"line":191,"column":11},"end":{"line":191,"column":18}},"loc":{"start":{"line":191,"column":36},"end":{"line":204,"column":4}}},"20":{"name":"(anonymous_28)","decl":{"start":{"line":191,"column":36},"end":{"line":191,"column":null}},"loc":{"start":{"line":191,"column":36},"end":{"line":204,"column":3}}},"21":{"name":"(anonymous_29)","decl":{"start":{"line":206,"column":11},"end":{"line":206,"column":null}},"loc":{"start":{"line":209,"column":31},"end":{"line":290,"column":4}}},"22":{"name":"(anonymous_30)","decl":{"start":{"line":209,"column":31},"end":{"line":209,"column":null}},"loc":{"start":{"line":209,"column":31},"end":{"line":290,"column":3}}},"23":{"name":"(anonymous_31)","decl":{"start":{"line":292,"column":30},"end":{"line":292,"column":31}},"loc":{"start":{"line":292,"column":48},"end":{"line":318,"column":3}}},"24":{"name":"(anonymous_32)","decl":{"start":{"line":320,"column":29},"end":{"line":320,"column":30}},"loc":{"start":{"line":320,"column":55},"end":{"line":350,"column":3}}},"25":{"name":"(anonymous_33)","decl":{"start":{"line":352,"column":18},"end":{"line":352,"column":25}},"loc":{"start":{"line":352,"column":78},"end":{"line":374,"column":4}}},"26":{"name":"(anonymous_34)","decl":{"start":{"line":352,"column":78},"end":{"line":352,"column":null}},"loc":{"start":{"line":352,"column":78},"end":{"line":374,"column":3}}},"27":{"name":"(anonymous_35)","decl":{"start":{"line":376,"column":33},"end":{"line":376,"column":40}},"loc":{"start":{"line":376,"column":75},"end":{"line":409,"column":4}}},"28":{"name":"(anonymous_36)","decl":{"start":{"line":376,"column":75},"end":{"line":376,"column":null}},"loc":{"start":{"line":376,"column":75},"end":{"line":409,"column":3}}},"29":{"name":"(anonymous_37)","decl":{"start":{"line":411,"column":23},"end":{"line":411,"column":24}},"loc":{"start":{"line":411,"column":58},"end":{"line":440,"column":3}}},"30":{"name":"videoDuration","decl":{"start":{"line":443,"column":9},"end":{"line":443,"column":22}},"loc":{"start":{"line":443,"column":61},"end":{"line":449,"column":1}}}},"branchMap":{"0":{"loc":{"start":{"line":133,"column":4},"end":{"line":137,"column":null}},"type":"if","locations":[{"start":{"line":133,"column":4},"end":{"line":137,"column":null}},{"start":{"line":133,"column":4},"end":{"line":137,"column":null}}]},"1":{"loc":{"start":{"line":149,"column":4},"end":{"line":160,"column":null}},"type":"if","locations":[{"start":{"line":149,"column":4},"end":{"line":160,"column":null}},{"start":{"line":149,"column":4},"end":{"line":160,"column":null}}]},"2":{"loc":{"start":{"line":181,"column":10},"end":{"line":181,"column":24}},"type":"binary-expr","locations":[{"start":{"line":181,"column":10},"end":{"line":181,"column":24}},{"start":{"line":181,"column":28},"end":{"line":181,"column":61}}]},"3":{"loc":{"start":{"line":196,"column":4},"end":{"line":198,"column":null}},"type":"if","locations":[{"start":{"line":196,"column":4},"end":{"line":198,"column":null}},{"start":{"line":196,"column":4},"end":{"line":198,"column":null}}]},"4":{"loc":{"start":{"line":216,"column":4},"end":{"line":231,"column":null}},"type":"if","locations":[{"start":{"line":216,"column":4},"end":{"line":231,"column":null}},{"start":{"line":216,"column":4},"end":{"line":231,"column":null}}]},"5":{"loc":{"start":{"line":234,"column":4},"end":{"line":267,"column":null}},"type":"if","locations":[{"start":{"line":234,"column":4},"end":{"line":267,"column":null}},{"start":{"line":234,"column":4},"end":{"line":267,"column":null}}]},"6":{"loc":{"start":{"line":236,"column":6},"end":{"line":238,"column":null}},"type":"if","locations":[{"start":{"line":236,"column":6},"end":{"line":238,"column":null}},{"start":{"line":236,"column":6},"end":{"line":238,"column":null}}]},"7":{"loc":{"start":{"line":239,"column":6},"end":{"line":241,"column":null}},"type":"if","locations":[{"start":{"line":239,"column":6},"end":{"line":241,"column":null}},{"start":{"line":239,"column":6},"end":{"line":241,"column":null}}]},"8":{"loc":{"start":{"line":253,"column":6},"end":{"line":266,"column":null}},"type":"if","locations":[{"start":{"line":253,"column":6},"end":{"line":266,"column":null}},{"start":{"line":253,"column":6},"end":{"line":266,"column":null}}]},"9":{"loc":{"start":{"line":277,"column":4},"end":{"line":287,"column":null}},"type":"if","locations":[{"start":{"line":277,"column":4},"end":{"line":287,"column":null}},{"start":{"line":277,"column":4},"end":{"line":287,"column":null}}]},"10":{"loc":{"start":{"line":278,"column":6},"end":{"line":278,"column":39}},"type":"binary-expr","locations":[{"start":{"line":278,"column":6},"end":{"line":278,"column":39}},{"start":{"line":279,"column":6},"end":{"line":279,"column":40}}]},"11":{"loc":{"start":{"line":282,"column":11},"end":{"line":287,"column":null}},"type":"if","locations":[{"start":{"line":282,"column":11},"end":{"line":287,"column":null}},{"start":{"line":282,"column":11},"end":{"line":287,"column":null}}]},"12":{"loc":{"start":{"line":283,"column":6},"end":{"line":283,"column":39}},"type":"binary-expr","locations":[{"start":{"line":283,"column":6},"end":{"line":283,"column":39}},{"start":{"line":284,"column":6},"end":{"line":284,"column":40}}]},"13":{"loc":{"start":{"line":293,"column":4},"end":{"line":295,"column":null}},"type":"if","locations":[{"start":{"line":293,"column":4},"end":{"line":295,"column":null}},{"start":{"line":293,"column":4},"end":{"line":295,"column":null}}]},"14":{"loc":{"start":{"line":321,"column":4},"end":{"line":323,"column":null}},"type":"if","locations":[{"start":{"line":321,"column":4},"end":{"line":323,"column":null}},{"start":{"line":321,"column":4},"end":{"line":323,"column":null}}]},"15":{"loc":{"start":{"line":345,"column":4},"end":{"line":347,"column":null}},"type":"if","locations":[{"start":{"line":345,"column":4},"end":{"line":347,"column":null}},{"start":{"line":345,"column":4},"end":{"line":347,"column":null}}]},"16":{"loc":{"start":{"line":357,"column":6},"end":{"line":360,"column":null}},"type":"if","locations":[{"start":{"line":357,"column":6},"end":{"line":360,"column":null}},{"start":{"line":357,"column":6},"end":{"line":360,"column":null}}]},"17":{"loc":{"start":{"line":362,"column":6},"end":{"line":364,"column":null}},"type":"if","locations":[{"start":{"line":362,"column":6},"end":{"line":364,"column":null}},{"start":{"line":362,"column":6},"end":{"line":364,"column":null}}]},"18":{"loc":{"start":{"line":362,"column":10},"end":{"line":362,"column":39}},"type":"binary-expr","locations":[{"start":{"line":362,"column":10},"end":{"line":362,"column":39}},{"start":{"line":362,"column":43},"end":{"line":362,"column":68}}]},"19":{"loc":{"start":{"line":366,"column":6},"end":{"line":368,"column":null}},"type":"if","locations":[{"start":{"line":366,"column":6},"end":{"line":368,"column":null}},{"start":{"line":366,"column":6},"end":{"line":368,"column":null}}]},"20":{"loc":{"start":{"line":379,"column":4},"end":{"line":381,"column":null}},"type":"if","locations":[{"start":{"line":379,"column":4},"end":{"line":381,"column":null}},{"start":{"line":379,"column":4},"end":{"line":381,"column":null}}]},"21":{"loc":{"start":{"line":385,"column":4},"end":{"line":388,"column":null}},"type":"if","locations":[{"start":{"line":385,"column":4},"end":{"line":388,"column":null}},{"start":{"line":385,"column":4},"end":{"line":388,"column":null}}]},"22":{"loc":{"start":{"line":420,"column":51},"end":{"line":420,"column":53}},"type":"cond-expr","locations":[{"start":{"line":420,"column":51},"end":{"line":420,"column":53}},{"start":{"line":420,"column":51},"end":{"line":420,"column":56}}]},"23":{"loc":{"start":{"line":420,"column":25},"end":{"line":420,"column":53}},"type":"binary-expr","locations":[{"start":{"line":420,"column":25},"end":{"line":420,"column":53}},{"start":{"line":420,"column":51},"end":{"line":420,"column":53}}]},"24":{"loc":{"start":{"line":444,"column":2},"end":{"line":446,"column":null}},"type":"if","locations":[{"start":{"line":444,"column":2},"end":{"line":446,"column":null}},{"start":{"line":444,"column":2},"end":{"line":446,"column":null}}]},"25":{"loc":{"start":{"line":444,"column":6},"end":{"line":444,"column":16}},"type":"binary-expr","locations":[{"start":{"line":444,"column":6},"end":{"line":444,"column":16}},{"start":{"line":444,"column":20},"end":{"line":444,"column":30}}]}},"s":{"0":1,"1":1,"2":1,"3":1,"4":3,"5":1,"6":1,"7":3,"8":0,"9":0,"10":0,"11":3,"12":1,"13":1,"14":1,"15":3,"16":0,"17":0,"18":0,"19":3,"20":0,"21":0,"22":0,"23":0,"24":3,"25":0,"26":0,"27":0,"28":0,"29":3,"30":0,"31":0,"32":0,"33":3,"34":0,"35":0,"36":0,"37":3,"38":0,"39":0,"40":0,"41":0,"42":0,"43":0,"44":0,"45":0,"46":0,"47":0,"48":0,"49":0,"50":0,"51":0,"52":0,"53":0,"54":0,"55":0,"56":0,"57":0,"58":0,"59":3,"60":0,"61":0,"62":0,"63":0,"64":0,"65":0,"66":0,"67":0,"68":0,"69":3,"70":0,"71":0,"72":0,"73":0,"74":0,"75":0,"76":0,"77":0,"78":0,"79":0,"80":0,"81":0,"82":0,"83":0,"84":0,"85":0,"86":0,"87":0,"88":0,"89":0,"90":0,"91":0,"92":0,"93":3,"94":0,"95":0,"96":0,"97":0,"98":0,"99":0,"100":0,"101":0,"102":0,"103":0,"104":3,"105":0,"106":0,"107":0,"108":0,"109":0,"110":0,"111":0,"112":0,"113":0,"114":0,"115":0,"116":0,"117":3,"118":0,"119":0,"120":0,"121":0,"122":0,"123":0,"124":0,"125":0,"126":0,"127":0,"128":0,"129":0,"130":3,"131":0,"132":0,"133":0,"134":0,"135":0,"136":0,"137":0,"138":0,"139":0,"140":0,"141":3,"142":0,"143":3,"144":3,"145":3,"146":3,"147":3,"148":3,"149":3,"150":3,"151":1,"152":0,"153":0,"154":0,"155":0},"f":{"0":3,"1":1,"2":1,"3":0,"4":0,"5":1,"6":1,"7":0,"8":0,"9":0,"10":0,"11":0,"12":0,"13":0,"14":0,"15":0,"16":0,"17":0,"18":0,"19":0,"20":0,"21":0,"22":0,"23":0,"24":0,"25":0,"26":0,"27":0,"28":0,"29":0,"30":0},"b":{"0":[0,0],"1":[0,0],"2":[0,0],"3":[0,0],"4":[0,0],"5":[0,0],"6":[0,0],"7":[0,0],"8":[0,0],"9":[0,0],"10":[0,0],"11":[0,0],"12":[0,0],"13":[0,0],"14":[0,0],"15":[0,0],"16":[0,0],"17":[0,0],"18":[0,0],"19":[0,0],"20":[0,0],"21":[0,0],"22":[0,0],"23":[0,0],"24":[0,0],"25":[0,0]}}
,"/Users/mellet/Development/CsGoNades/csgonades-api/src/nadecomment/NadeCommentRepo.ts": {"path":"/Users/mellet/Development/CsGoNades/csgonades-api/src/nadecomment/NadeCommentRepo.ts","statementMap":{"0":{"start":{"line":1,"column":0},"end":{"line":1,"column":null}},"1":{"start":{"line":14,"column":0},"end":{"line":14,"column":50}},"2":{"start":{"line":28,"column":2},"end":{"line":38,"column":4}},"3":{"start":{"line":28,"column":67},"end":{"line":38,"column":4}},"4":{"start":{"line":29,"column":28},"end":{"line":31,"column":6}},"5":{"start":{"line":33,"column":43},"end":{"line":36,"column":7}},"6":{"start":{"line":33,"column":72},"end":{"line":35,"column":null}},"7":{"start":{"line":37,"column":4},"end":{"line":37,"column":24}},"8":{"start":{"line":40,"column":2},"end":{"line":51,"column":4}},"9":{"start":{"line":40,"column":65},"end":{"line":51,"column":4}},"10":{"start":{"line":41,"column":23},"end":{"line":41,"column":60}},"11":{"start":{"line":43,"column":4},"end":{"line":45,"column":null}},"12":{"start":{"line":44,"column":6},"end":{"line":44,"column":55}},"13":{"start":{"line":47,"column":4},"end":{"line":49,"column":null}},"14":{"start":{"line":53,"column":2},"end":{"line":65,"column":4}},"15":{"start":{"line":53,"column":73},"end":{"line":65,"column":4}},"16":{"start":{"line":54,"column":20},"end":{"line":56,"column":null}},"17":{"start":{"line":59,"column":16},"end":{"line":59,"column":54}},"18":{"start":{"line":61,"column":4},"end":{"line":63,"column":null}},"19":{"start":{"line":67,"column":2},"end":{"line":75,"column":4}},"20":{"start":{"line":69,"column":31},"end":{"line":75,"column":4}},"21":{"start":{"line":70,"column":4},"end":{"line":72,"column":7}},"22":{"start":{"line":74,"column":4},"end":{"line":74,"column":40}},"23":{"start":{"line":77,"column":2},"end":{"line":79,"column":4}},"24":{"start":{"line":77,"column":39},"end":{"line":79,"column":4}},"25":{"start":{"line":78,"column":4},"end":{"line":78,"column":45}},"26":{"start":{"line":81,"column":2},"end":{"line":93,"column":4}},"27":{"start":{"line":81,"column":45},"end":{"line":93,"column":4}},"28":{"start":{"line":82,"column":28},"end":{"line":84,"column":6}},"29":{"start":{"line":86,"column":31},"end":{"line":86,"column":38}},"30":{"start":{"line":88,"column":4},"end":{"line":90,"column":7}},"31":{"start":{"line":89,"column":6},"end":{"line":89,"column":46}},"32":{"start":{"line":92,"column":4},"end":{"line":92,"column":19}},"33":{"start":{"line":95,"column":2},"end":{"line":110,"column":4}},"34":{"start":{"line":95,"column":57},"end":{"line":110,"column":4}},"35":{"start":{"line":96,"column":27},"end":{"line":98,"column":6}},"36":{"start":{"line":100,"column":31},"end":{"line":100,"column":38}},"37":{"start":{"line":102,"column":4},"end":{"line":107,"column":7}},"38":{"start":{"line":103,"column":6},"end":{"line":106,"column":9}},"39":{"start":{"line":109,"column":4},"end":{"line":109,"column":19}},"40":{"start":{"line":25,"column":4},"end":{"line":25,"column":65}},"41":{"start":{"line":21,"column":0},"end":{"line":21,"column":13}}},"fnMap":{"0":{"name":"(anonymous_7)","decl":{"start":{"line":24,"column":2},"end":{"line":24,"column":null}},"loc":{"start":{"line":24,"column":2},"end":{"line":26,"column":3}}},"1":{"name":"(anonymous_8)","decl":{"start":{"line":28,"column":15},"end":{"line":28,"column":22}},"loc":{"start":{"line":28,"column":67},"end":{"line":38,"column":4}}},"2":{"name":"(anonymous_9)","decl":{"start":{"line":28,"column":67},"end":{"line":28,"column":null}},"loc":{"start":{"line":28,"column":67},"end":{"line":38,"column":3}}},"3":{"name":"(anonymous_10)","decl":{"start":{"line":33,"column":63},"end":{"line":33,"column":64}},"loc":{"start":{"line":33,"column":72},"end":{"line":35,"column":null}}},"4":{"name":"(anonymous_11)","decl":{"start":{"line":40,"column":12},"end":{"line":40,"column":19}},"loc":{"start":{"line":40,"column":65},"end":{"line":51,"column":4}}},"5":{"name":"(anonymous_12)","decl":{"start":{"line":40,"column":65},"end":{"line":40,"column":null}},"loc":{"start":{"line":40,"column":65},"end":{"line":51,"column":3}}},"6":{"name":"(anonymous_13)","decl":{"start":{"line":53,"column":9},"end":{"line":53,"column":16}},"loc":{"start":{"line":53,"column":73},"end":{"line":65,"column":4}}},"7":{"name":"(anonymous_14)","decl":{"start":{"line":53,"column":73},"end":{"line":53,"column":null}},"loc":{"start":{"line":53,"column":73},"end":{"line":65,"column":3}}},"8":{"name":"(anonymous_15)","decl":{"start":{"line":67,"column":11},"end":{"line":67,"column":null}},"loc":{"start":{"line":69,"column":31},"end":{"line":75,"column":4}}},"9":{"name":"(anonymous_16)","decl":{"start":{"line":69,"column":31},"end":{"line":69,"column":null}},"loc":{"start":{"line":69,"column":31},"end":{"line":75,"column":3}}},"10":{"name":"(anonymous_17)","decl":{"start":{"line":77,"column":11},"end":{"line":77,"column":18}},"loc":{"start":{"line":77,"column":39},"end":{"line":79,"column":4}}},"11":{"name":"(anonymous_18)","decl":{"start":{"line":77,"column":39},"end":{"line":77,"column":null}},"loc":{"start":{"line":77,"column":39},"end":{"line":79,"column":3}}},"12":{"name":"(anonymous_19)","decl":{"start":{"line":81,"column":20},"end":{"line":81,"column":27}},"loc":{"start":{"line":81,"column":45},"end":{"line":93,"column":4}}},"13":{"name":"(anonymous_20)","decl":{"start":{"line":81,"column":45},"end":{"line":81,"column":null}},"loc":{"start":{"line":81,"column":45},"end":{"line":93,"column":3}}},"14":{"name":"(anonymous_21)","decl":{"start":{"line":88,"column":28},"end":{"line":88,"column":29}},"loc":{"start":{"line":88,"column":40},"end":{"line":90,"column":5}}},"15":{"name":"(anonymous_22)","decl":{"start":{"line":95,"column":33},"end":{"line":95,"column":40}},"loc":{"start":{"line":95,"column":57},"end":{"line":110,"column":4}}},"16":{"name":"(anonymous_23)","decl":{"start":{"line":95,"column":57},"end":{"line":95,"column":null}},"loc":{"start":{"line":95,"column":57},"end":{"line":110,"column":3}}},"17":{"name":"(anonymous_24)","decl":{"start":{"line":102,"column":27},"end":{"line":102,"column":28}},"loc":{"start":{"line":102,"column":39},"end":{"line":107,"column":5}}}},"branchMap":{"0":{"loc":{"start":{"line":43,"column":4},"end":{"line":45,"column":null}},"type":"if","locations":[{"start":{"line":43,"column":4},"end":{"line":45,"column":null}},{"start":{"line":43,"column":4},"end":{"line":45,"column":null}}]}},"s":{"0":1,"1":1,"2":0,"3":0,"4":0,"5":0,"6":0,"7":0,"8":0,"9":0,"10":0,"11":0,"12":0,"13":0,"14":0,"15":0,"16":0,"17":0,"18":0,"19":0,"20":0,"21":0,"22":0,"23":0,"24":0,"25":0,"26":0,"27":0,"28":0,"29":0,"30":0,"31":0,"32":0,"33":0,"34":0,"35":0,"36":0,"37":0,"38":0,"39":0,"40":0,"41":1},"f":{"0":0,"1":0,"2":0,"3":0,"4":0,"5":0,"6":0,"7":0,"8":0,"9":0,"10":0,"11":0,"12":0,"13":0,"14":0,"15":0,"16":0,"17":0},"b":{"0":[0,0]}}
,"/Users/mellet/Development/CsGoNades/csgonades-api/src/notifications/NotificationRepo.ts": {"path":"/Users/mellet/Development/CsGoNades/csgonades-api/src/notifications/NotificationRepo.ts","statementMap":{"0":{"start":{"line":1,"column":0},"end":{"line":1,"column":28}},"1":{"start":{"line":2,"column":0},"end":{"line":2,"column":null}},"2":{"start":{"line":18,"column":0},"end":{"line":18,"column":63}},"3":{"start":{"line":19,"column":0},"end":{"line":19,"column":50}},"4":{"start":{"line":34,"column":10},"end":{"line":34,"column":40}},"5":{"start":{"line":40,"column":2},"end":{"line":50,"column":4}},"6":{"start":{"line":40,"column":38},"end":{"line":50,"column":4}},"7":{"start":{"line":41,"column":29},"end":{"line":43,"column":6}},"8":{"start":{"line":45,"column":25},"end":{"line":45,"column":57}},"9":{"start":{"line":47,"column":4},"end":{"line":47,"column":57}},"10":{"start":{"line":49,"column":4},"end":{"line":49,"column":24}},"11":{"start":{"line":52,"column":2},"end":{"line":60,"column":4}},"12":{"start":{"line":52,"column":30},"end":{"line":60,"column":4}},"13":{"start":{"line":53,"column":25},"end":{"line":53,"column":55}},"14":{"start":{"line":55,"column":4},"end":{"line":57,"column":null}},"15":{"start":{"line":56,"column":6},"end":{"line":56,"column":18}},"16":{"start":{"line":59,"column":4},"end":{"line":59,"column":36}},"17":{"start":{"line":62,"column":2},"end":{"line":68,"column":4}},"18":{"start":{"line":62,"column":37},"end":{"line":68,"column":4}},"19":{"start":{"line":63,"column":4},"end":{"line":67,"column":7}},"20":{"start":{"line":70,"column":2},"end":{"line":75,"column":4}},"21":{"start":{"line":70,"column":25},"end":{"line":75,"column":4}},"22":{"start":{"line":71,"column":4},"end":{"line":74,"column":7}},"23":{"start":{"line":77,"column":2},"end":{"line":83,"column":4}},"24":{"start":{"line":77,"column":41},"end":{"line":83,"column":4}},"25":{"start":{"line":78,"column":4},"end":{"line":82,"column":7}},"26":{"start":{"line":85,"column":2},"end":{"line":91,"column":4}},"27":{"start":{"line":85,"column":41},"end":{"line":91,"column":4}},"28":{"start":{"line":86,"column":4},"end":{"line":90,"column":7}},"29":{"start":{"line":93,"column":2},"end":{"line":103,"column":4}},"30":{"start":{"line":93,"column":57},"end":{"line":103,"column":4}},"31":{"start":{"line":94,"column":4},"end":{"line":102,"column":7}},"32":{"start":{"line":105,"column":2},"end":{"line":110,"column":4}},"33":{"start":{"line":105,"column":33},"end":{"line":110,"column":4}},"34":{"start":{"line":106,"column":4},"end":{"line":109,"column":7}},"35":{"start":{"line":112,"column":2},"end":{"line":122,"column":4}},"36":{"start":{"line":112,"column":78},"end":{"line":122,"column":4}},"37":{"start":{"line":113,"column":4},"end":{"line":121,"column":7}},"38":{"start":{"line":124,"column":2},"end":{"line":128,"column":4}},"39":{"start":{"line":124,"column":69},"end":{"line":128,"column":4}},"40":{"start":{"line":125,"column":16},"end":{"line":125,"column":42}},"41":{"start":{"line":127,"column":4},"end":{"line":127,"column":27}},"42":{"start":{"line":130,"column":2},"end":{"line":152,"column":4}},"43":{"start":{"line":130,"column":65},"end":{"line":152,"column":4}},"44":{"start":{"line":131,"column":34},"end":{"line":131,"column":38}},"45":{"start":{"line":134,"column":30},"end":{"line":141,"column":null}},"46":{"start":{"line":144,"column":4},"end":{"line":146,"column":null}},"47":{"start":{"line":145,"column":6},"end":{"line":145,"column":13}},"48":{"start":{"line":148,"column":25},"end":{"line":148,"column":45}},"49":{"start":{"line":149,"column":27},"end":{"line":149,"column":46}},"50":{"start":{"line":151,"column":4},"end":{"line":151,"column":50}},"51":{"start":{"line":154,"column":10},"end":{"line":207,"column":4}},"52":{"start":{"line":157,"column":25},"end":{"line":161,"column":6}},"53":{"start":{"line":162,"column":4},"end":{"line":20
[...]
,"25":{"start":{"line":68,"column":4},"end":{"line":70,"column":7}},"26":{"start":{"line":73,"column":2},"end":{"line":73,"column":9}},"27":{"start":{"line":59,"column":13},"end":{"line":59,"column":33}},"28":{"start":{"line":76,"column":32},"end":{"line":91,"column":1}},"29":{"start":{"line":77,"column":15},"end":{"line":77,"column":35}},"30":{"start":{"line":78,"column":2},"end":{"line":82,"column":null}},"31":{"start":{"line":79,"column":4},"end":{"line":81,"column":7}},"32":{"start":{"line":84,"column":2},"end":{"line":88,"column":null}},"33":{"start":{"line":85,"column":4},"end":{"line":87,"column":7}},"34":{"start":{"line":90,"column":2},"end":{"line":90,"column":9}},"35":{"start":{"line":76,"column":13},"end":{"line":76,"column":32}},"36":{"start":{"line":93,"column":38},"end":{"line":137,"column":1}},"37":{"start":{"line":94,"column":2},"end":{"line":136,"column":4}},"38":{"start":{"line":95,"column":19},"end":{"line":96,"column":34}},"39":{"start":{"line":97,"column":4},"end":{"line":111,"column":null}},"40":{"start":{"line":98,"column":6},"end":{"line":110,"column":null}},"41":{"start":{"line":99,"column":24},"end":{"line":99,"column":74}},"42":{"start":{"line":100,"column":41},"end":{"line":103,"column":10}},"43":{"start":{"line":104,"column":8},"end":{"line":104,"column":31}},"44":{"start":{"line":106,"column":8},"end":{"line":109,"column":10}},"45":{"start":{"line":114,"column":6},"end":{"line":115,"column":62}},"46":{"start":{"line":117,"column":4},"end":{"line":134,"column":null}},"47":{"start":{"line":118,"column":6},"end":{"line":133,"column":null}},"48":{"start":{"line":119,"column":24},"end":{"line":121,"column":null}},"49":{"start":{"line":123,"column":41},"end":{"line":126,"column":10}},"50":{"start":{"line":127,"column":8},"end":{"line":127,"column":31}},"51":{"start":{"line":129,"column":8},"end":{"line":132,"column":10}},"52":{"start":{"line":135,"column":4},"end":{"line":135,"column":11}},"53":{"start":{"line":93,"column":13},"end":{"line":93,"column":38}},"54":{"start":{"line":139,"column":45},"end":{"line":150,"column":1}},"55":{"start":{"line":143,"column":2},"end":{"line":145,"column":null}},"56":{"start":{"line":144,"column":4},"end":{"line":144,"column":16}},"57":{"start":{"line":146,"column":2},"end":{"line":148,"column":null}},"58":{"start":{"line":147,"column":4},"end":{"line":147,"column":16}},"59":{"start":{"line":149,"column":2},"end":{"line":149,"column":15}},"60":{"start":{"line":139,"column":13},"end":{"line":139,"column":45}}},"fnMap":{"0":{"name":"(anonymous_1)","decl":{"start":{"line":18,"column":34},"end":{"line":18,"column":35}},"loc":{"start":{"line":18,"column":78},"end":{"line":28,"column":1}}},"1":{"name":"(anonymous_2)","decl":{"start":{"line":30,"column":33},"end":{"line":30,"column":34}},"loc":{"start":{"line":30,"column":77},"end":{"line":42,"column":1}}},"2":{"name":"(anonymous_3)","decl":{"start":{"line":44,"column":32},"end":{"line":44,"column":33}},"loc":{"start":{"line":44,"column":78},"end":{"line":47,"column":1}}},"3":{"name":"(anonymous_4)","decl":{"start":{"line":49,"column":31},"end":{"line":49,"column":32}},"loc":{"start":{"line":49,"column":50},"end":{"line":57,"column":1}}},"4":{"name":"(anonymous_5)","decl":{"start":{"line":59,"column":33},"end":{"line":59,"column":34}},"loc":{"start":{"line":59,"column":52},"end":{"line":74,"column":1}}},"5":{"name":"(anonymous_6)","decl":{"start":{"line":76,"column":32},"end":{"line":76,"column":33}},"loc":{"start":{"line":76,"column":51},"end":{"line":91,"column":1}}},"6":{"name":"(anonymous_7)","decl":{"start":{"line":93,"column":38},"end":{"line":93,"column":39}},"loc":{"start":{"line":93,"column":61},"end":{"line":137,"column":1}}},"7":{"name":"(anonymous_8)","decl":{"start":{"line":94,"column":9},"end":{"line":94,"column":10}},"loc":{"start":{"line":94,"column":28},"end":{"line":136,"column":3}}},"8":{"name":"(anonymous_9)","decl":{"start":{"line":139,"column":45},"end":{"line":139,"column":null}},"loc":{"start":{"line":142,"column":4},"end":{"line":150,"column":1}}}},"branchMap":{"0":{"loc":{"start":{"line":51,"column":2},"end":{"line":55,"column":null}},"type":"if","locations":[{"start":{"line":51,"column":2},"end":{"line":55,"column":null}},{"start":{"line":51,"column":2},"end":{"line":55,"column":null}}]},"1":{"loc":{"start":{"line":51,"column":6},"end":{"line":51,"column":11}},"type":"binary-expr","locations":[{"start":{"line":51,"column":6},"end":{"line":51,"column":11}},{"start":{"line":51,"column":15},"end":{"line":51,"column":35}},{"start":{"line":51,"column":39},"end":{"line":51,"column":62}}]},"2":{"loc":{"start":{"line":51,"column":17},"end":{"line":51,"column":21}},"type":"binary-expr","locations":[{"start":{"line":51,"column":17},"end":{"line":51,"column":21}},{"start":{"line":51,"column":25},"end":{"line":51,"column":34}}]},"3":{"loc":{"start":{"line":51,"column":41},"end":{"line":51,"column":45}},"type":"binary-expr","locations":[{"start":{"line":51,"column":41},"end":{"line":51,"column":45}},{"start":{"line":51,"column":49},"end":{"line":51,"column":61}}]},"4":{"loc":{"start":{"line":61,"column":2},"end":{"line":65,"column":null}},"type":"if","locations":[{"start":{"line":61,"column":2},"end":{"line":65,"column":null}},{"start":{"line":61,"column":2},"end":{"line":65,"column":null}}]},"5":{"loc":{"start":{"line":67,"column":2},"end":{"line":71,"column":null}},"type":"if","locations":[{"start":{"line":67,"column":2},"end":{"line":71,"column":null}},{"start":{"line":67,"column":2},"end":{"line":71,"column":null}}]},"6":{"loc":{"start":{"line":78,"column":2},"end":{"line":82,"column":null}},"type":"if","locations":[{"start":{"line":78,"column":2},"end":{"line":82,"column":null}},{"start":{"line":78,"column":2},"end":{"line":82,"column":null}}]},"7":{"loc":{"start":{"line":84,"column":2},"end":{"line":88,"column":null}},"type":"if","locations":[{"start":{"line":84,"column":2},"end":{"line":88,"column":null}},{"start":{"line":84,"column":2},"end":{"line":88,"column":null}}]},"8":{"loc":{"start":{"line":95,"column":19},"end":{"line":95,"column":48}},"type":"binary-expr","locations":[{"start":{"line":95,"column":19},"end":{"line":95,"column":48}},{"start":{"line":96,"column":6},"end":{"line":96,"column":34}}]},"9":{"loc":{"start":{"line":97,"column":4},"end":{"line":111,"column":null}},"type":"if","locations":[{"start":{"line":97,"column":4},"end":{"line":111,"column":null}},{"start":{"line":97,"column":4},"end":{"line":111,"column":null}}]},"10":{"loc":{"start":{"line":114,"column":6},"end":{"line":114,"column":23}},"type":"binary-expr","locations":[{"start":{"line":114,"column":6},"end":{"line":114,"column":23}},{"start":{"line":115,"column":7},"end":{"line":115,"column":62}}]},"11":{"loc":{"start":{"line":117,"column":4},"end":{"line":134,"column":null}},"type":"if","locations":[{"start":{"line":117,"column":4},"end":{"line":134,"column":null}},{"start":{"line":117,"column":4},"end":{"line":134,"column":null}}]},"12":{"loc":{"start":{"line":143,"column":2},"end":{"line":145,"column":null}},"type":"if","locations":[{"start":{"line":143,"column":2},"end":{"line":145,"column":null}},{"start":{"line":143,"column":2},"end":{"line":145,"column":null}}]},"13":{"loc":{"start":{"line":143,"column":6},"end":{"line":143,"column":35}},"type":"binary-expr","locations":[{"start":{"line":143,"column":6},"end":{"line":143,"column":35}},{"start":{"line":143,"column":39},"end":{"line":143,"column":64}}]},"14":{"loc":{"start":{"line":146,"column":2},"end":{"line":148,"column":null}},"type":"if","locations":[{"start":{"line":146,"column":2},"end":{"line":148,"column":null}},{"start":{"line":146,"column":2},"end":{"line":148,"column":null}}]}},"s":{"0":1,"1":1,"2":1,"3":1,"4":1,"5":1,"6":1,"7":0,"8":0,"9":1,"10":1,"11":1,"12":1,"13":1,"14":1,"15":0,"16":0,"17":0,"18":0,"19":1,"20":1,"21":0,"22":0,"23":0,"24":0,"25":0,"26":0,"27":1,"28":1,"29":0,"30":0,"31":0,"32":0,"33":0,"34":0,"35":1,"36":1,"37":0,"38":0,"39":0,"40":0,"41":0,"42":0,"43":0,"44":0,"45":0,"46":0,"47":0,"48":0,"49":0,"50":0,"51":0,"52":0,"53":1,"54":1,"55":0,"56":0,"57":0,"58":0,"59":0,"60":1},"f":{"0":1,"1":0,"2":1,"3":0,"4":0,"5":0,"6":0,"7":0,"8":0},"b":{"0":[0,0],"1":[0,0,0],"2":[0,0],"3":[0,0],"4":[0,0],"5":[0,0],"6":[0,0],"7":[0,0],"8":[0,0],"9":[0,0],"10":[0,0],"11":[0,0],"12":[0,0],"13":[0,0],"14":[0,0]}}
,"/Users/mellet/Development/CsGoNades/csgonades-api/src/utils/Common.ts": {"path":"/Users/mellet/Development/CsGoNades/csgonades-api/src/utils/Common.ts","statementMap":{"0":{"start":{"line":1,"column":0},"end":{"line":1,"column":43}},"1":{"start":{"line":3,"column":31},"end":{"line":11,"column":1}},"2":{"start":{"line":4,"column":17},"end":{"line":5,"column":null}},"3":{"start":{"line":7,"column":2},"end":{"line":9,"column":4}},"4":{"start":{"line":8,"column":13},"end":{"line":8,"column":66}},"5":{"start":{"line":10,"column":2},"end":{"line":10,"column":19}},"6":{"start":{"line":3,"column":13},"end":{"line":3,"column":31}},"7":{"start":{"line":14,"column":16},"end":{"line":14,"column":46}},"8":{"start":{"line":15,"column":16},"end":{"line":15,"column":47}},"9":{"start":{"line":16,"column":2},"end":{"line":16,"column":15}},"10":{"start":{"line":13,"column":0},"end":{"line":13,"column":16}},"11":{"start":{"line":20,"column":2},"end":{"line":20,"column":51}},"12":{"start":{"line":19,"column":0},"end":{"line":19,"column":16}},"13":{"start":{"line":24,"column":2},"end":{"line":24,"column":80}},"14":{"start":{"line":23,"column":0},"end":{"line":23,"column":16}}},"fnMap":{"0":{"name":"(anonymous_0)","decl":{"start":{"line":3,"column":31},"end":{"line":3,"column":50}},"loc":{"start":{"line":3,"column":66},"end":{"line":11,"column":1}}},"1":{"name":"(anonymous_1)","decl":{"start":{"line":8,"column":4},"end":{"line":8,"column":5}},"loc":{"start":{"line":8,"column":13},"end":{"line":8,"column":66}}},"2":{"name":"extractGfyIdFromIdOrUrl","decl":{"start":{"line":13,"column":16},"end":{"line":13,"column":39}},"loc":{"start":{"line":13,"column":61},"end":{"line":17,"column":1}}},"3":{"name":"clamp","decl":{"start":{"line":19,"column":16},"end":{"line":19,"column":21}},"loc":{"start":{"line":19,"column":59},"end":{"line":21,"column":1}}},"4":{"name":"assertNever","decl":{"start":{"line":23,"column":16},"end":{"line":23,"column":27}},"loc":{"start":{"line":23,"column":40},"end":{"line":26,"column":1}}}},"branchMap":{"0":{"loc":{"start":{"line":8,"column":13},"end":{"line":8,"column":41}},"type":"binary-expr","locations":[{"start":{"line":8,"column":13},"end":{"line":8,"column":41}},{"start":{"line":8,"column":45},"end":{"line":8,"column":66}}]},"1":{"loc":{"start":{"line":20,"column":22},"end":{"line":20,"column":25}},"type":"cond-expr","locations":[{"start":{"line":20,"column":22},"end":{"line":20,"column":25}},{"start":{"line":20,"column":28},"end":{"line":20,"column":50}}]},"2":{"loc":{"start":{"line":20,"column":41},"end":{"line":20,"column":44}},"type":"cond-expr","locations":[{"start":{"line":20,"column":41},"end":{"line":20,"column":44}},{"start":{"line":20,"column":47},"end":{"line":20,"column":50}}]}},"s":{"0":2,"1":2,"2":0,"3":0,"4":0,"5":0,"6":2,"7":0,"8":0,"9":0,"10":2,"11":0,"12":2,"13":0,"14":2},"f":{"0":0,"1":0,"2":0,"3":0,"4":0},"b":{"0":[0,0],"1":[0,0],"2":[0,0]}}
,"/Users/mellet/Development/CsGoNades/csgonades-api/src/utils/ErrorUtil.ts": {"path":"/Users/mellet/Development/CsGoNades/csgonades-api/src/utils/ErrorUtil.ts","statementMap":{"0":{"start":{"line":1,"column":0},"end":{"line":1,"column":46}},"1":{"start":{"line":10,"column":4},"end":{"line":10,"column":19}},"2":{"start":{"line":9,"column":21},"end":{"line":9,"column":33}},"3":{"start":{"line":11,"column":4},"end":{"line":11,"column":21}},"4":{"start":{"line":17,"column":4},"end":{"line":17,"column":39}},"5":{"start":{"line":21,"column":4},"end":{"line":21,"column":39}},"6":{"start":{"line":25,"column":4},"end":{"line":25,"column":39}},"7":{"start":{"line":29,"column":4},"end":{"line":29,"column":39}},"8":{"start":{"line":33,"column":4},"end":{"line":33,"column":39}},"9":{"start":{"line":15,"column":0},"end":{"line":15,"column":13}},"10":{"start":{"line":37,"column":35},"end":{"line":43,"column":1}},"11":{"start":{"line":38,"column":2},"end":{"line":38,"column":23}},"12":{"start":{"line":39,"column":2},"end":{"line":42,"column":4}},"13":{"start":{"line":37,"column":13},"end":{"line":37,"column":35}}},"fnMap":{"0":{"name":"(anonymous_0)","decl":{"start":{"line":9,"column":2},"end":{"line":9,"column":21}},"loc":{"start":{"line":9,"column":51},"end":{"line":12,"column":3}}},"1":{"name":"(anonymous_1)","decl":{"start":{"line":16,"column":2},"end":{"line":16,"column":8}},"loc":{"start":{"line":16,"column":33},"end":{"line":18,"column":3}}},"2":{"name":"(anonymous_2)","decl":{"start":{"line":20,"column":2},"end":{"line":20,"column":8}},"loc":{"start":{"line":20,"column":35},"end":{"line":22,"column":3}}},"3":{"name":"(anonymous_3)","decl":{"start":{"line":24,"column":2},"end":{"line":24,"column":8}},"loc":{"start":{"line":24,"column":34},"end":{"line":26,"column":3}}},"4":{"name":"(anonymous_4)","decl":{"start":{"line":28,"column":2},"end":{"line":28,"column":8}},"loc":{"start":{"line":28,"column":38},"end":{"line":30,"column":3}}},"5":{"name":"(anonymous_5)","decl":{"start":{"line":32,"column":2},"end":{"line":32,"column":8}},"loc":{"start":{"line":32,"column":44},"end":{"line":34,"column":3}}},"6":{"name":"(anonymous_6)","decl":{"start":{"line":37,"column":35},"end":{"line":37,"column":36}},"loc":{"start":{"line":37,"column":60},"end":{"line":43,"column":1}}}},"branchMap":{"0":{"loc":{"start":{"line":40,"column":10},"end":{"line":40,"column":20}},"type":"binary-expr","locations":[{"start":{"line":40,"column":10},"end":{"line":40,"column":20}},{"start":{"line":40,"column":24},"end":{"line":40,"column":27}}]},"1":{"loc":{"start":{"line":41,"column":13},"end":{"line":41,"column":26}},"type":"binary-expr","locations":[{"start":{"line":41,"column":13},"end":{"line":41,"column":26}},{"start":{"line":41,"column":30},"end":{"line":41,"column":45}}]}},"s":{"0":2,"1":0,"2":0,"3":0,"4":0,"5":0,"6":0,"7":0,"8":0,"9":2,"10":2,"11":0,"12":0,"13":2},"f":{"0":0,"1":0,"2":0,"3":0,"4":0,"5":0,"6":0},"b":{"0":[0,0],"1":[0,0]}}
,"/Users/mellet/Development/CsGoNades/csgonades-api/src/utils/RouterUtils.ts": {"path":"/Users/mellet/Development/CsGoNades/csgonades-api/src/utils/RouterUtils.ts","statementMap":{"0":{"start":{"line":2,"column":0},"end":{"line":2,"column":40}},"1":{"start":{"line":4,"column":31},"end":{"line":7,"column":1}},"2":{"start":{"line":5,"column":15},"end":{"line":5,"column":54}},"3":{"start":{"line":6,"column":2},"end":{"line":6,"column":14}},"4":{"start":{"line":4,"column":13},"end":{"line":4,"column":31}},"5":{"start":{"line":9,"column":36},"end":{"line":15,"column":1}},"6":{"start":{"line":10,"column":2},"end":{"line":12,"column":null}},"7":{"start":{"line":11,"column":4},"end":{"line":11,"column":16}},"8":{"start":{"line":13,"column":15},"end":{"line":13,"column":54}},"9":{"start":{"line":14,"column":2},"end":{"line":14,"column":14}},"10":{"start":{"line":9,"column":13},"end":{"line":9,"column":36}}},"fnMap":{"0":{"name":"(anonymous_0)","decl":{"start":{"line":4,"column":31},"end":{"line":4,"column":32}},"loc":{"start":{"line":4,"column":73},"end":{"line":7,"column":1}}},"1":{"name":"(anonymous_1)","decl":{"start":{"line":9,"column":36},"end":{"line":9,"column":37}},"loc":{"start":{"line":9,"column":65},"end":{"line":15,"column":1}}}},"branchMap":{"0":{"loc":{"start":{"line":10,"column":2},"end":{"line":12,"column":null}},"type":"if","locations":[{"start":{"line":10,"column":2},"end":{"line":12,"column":null}},{"start":{"line":10,"column":2},"end":{"line":12,"column":null}}]}},"s":{"0":1,"1":1,"2":0,"3":0,"4":1,"5":1,"6":0,"7":0,"8":0,"9":0,"10":1},"f":{"0":0,"1":0},"b":{"0":[0,0]}}
,"/Users/mellet/Development/CsGoNades/csgonades-api/src/utils/Sanitize.ts": {"path":"/Users/mellet/Development/CsGoNades/csgonades-api/src/utils/Sanitize.ts","statementMap":{"0":{"start":{"line":1,"column":0},"end":{"line":1,"column":34}},"1":{"start":{"line":4,"column":14},"end":{"line":4,"column":16}},"2":{"start":{"line":5,"column":2},"end":{"line":7,"column":5}},"3":{"start":{"line":6,"column":4},"end":{"line":6,"column":40}},"4":{"start":{"line":8,"column":2},"end":{"line":8,"column":15}},"5":{"start":{"line":12,"column":14},"end":{"line":12,"column":16}},"6":{"start":{"line":13,"column":2},"end":{"line":16,"column":5}},"7":{"start":{"line":15,"column":4},"end":{"line":15,"column":30}},"8":{"start":{"line":17,"column":2},"end":{"line":17,"column":15}},"9":{"start":{"line":20,"column":26},"end":{"line":41,"column":1}},"10":{"start":{"line":21,"column":2},"end":{"line":40,"column":null}},"11":{"start":{"line":22,"column":4},"end":{"line":22,"column":20}},"12":{"start":{"line":25,"column":4},"end":{"line":39,"column":null}},"13":{"start":{"line":26,"column":6},"end":{"line":26,"column":35}},"14":{"start":{"line":28,"column":11},"end":{"line":39,"column":null}},"15":{"start":{"line":29,"column":6},"end":{"line":29,"column":37}},"16":{"start":{"line":32,"column":6},"end":{"line":38,"column":null}},"17":{"start":{"line":33,"column":20},"end":{"line":33,"column":55}},"18":{"start":{"line":34,"column":8},"end":{"line":34,"column":40}},"19":{"start":{"line":35,"column":8},"end":{"line":35,"column":21}},"20":{"start":{"line":37,"column":8},"end":{"line":37,"column":24}},"21":{"start":{"line":20,"column":13},"end":{"line":20,"column":26}}},"fnMap":{"0":{"name":"sanitizeObj","decl":{"start":{"line":3,"column":9},"end":{"line":3,"column":20}},"loc":{"start":{"line":3,"column":31},"end":{"line":9,"column":1}}},"1":{"name":"(anonymous_2)","decl":{"start":{"line":5,"column":29},"end":{"line":5,"column":30}},"loc":{"start":{"line":5,"column":37},"end":{"line":7,"column":3}}},"2":{"name":"sanitizeArray","decl":{"start":{"line":11,"column":9},"end":{"line":11,"column":22}},"loc":{"start":{"line":11,"column":33},"end":{"line":18,"column":1}}},"3":{"name":"(anonymous_4)","decl":{"start":{"line":13,"column":16},"end":{"line":13,"column":17}},"loc":{"start":{"line":13,"column":22},"end":{"line":16,"column":3}}},"4":{"name":"(anonymous_5)","decl":{"start":{"line":20,"column":26},"end":{"line":20,"column":51}},"loc":{"start":{"line":20,"column":62},"end":{"line":41,"column":1}}}},"branchMap":{"0":{"loc":{"start":{"line":21,"column":2},"end":{"line":40,"column":null}},"type":"if","locations":[{"start":{"line":21,"column":2},"end":{"line":40,"column":null}},{"start":{"line":21,"column":2},"end":{"line":40,"column":null}}]},"1":{"loc":{"start":{"line":21,"column":6},"end":{"line":21,"column":23}},"type":"binary-expr","locations":[{"start":{"line":21,"column":6},"end":{"line":21,"column":23}},{"start":{"line":21,"column":27},"end":{"line":21,"column":58}}]},"2":{"loc":{"start":{"line":25,"column":4},"end":{"line":39,"column":null}},"type":"if","locations":[{"start":{"line":25,"column":4},"end":{"line":39,"column":null}},{"start":{"line":25,"column":4},"end":{"line":39,"column":null}}]},"3":{"loc":{"start":{"line":25,"column":8},"end":{"line":25,"column":36}},"type":"binary-expr","locations":[{"start":{"line":25,"column":8},"end":{"line":25,"column":36}},{"start":{"line":25,"column":40},"end":{"line":25,"column":70}}]},"4":{"loc":{"start":{"line":28,"column":11},"end":{"line":39,"column":null}},"type":"if","locations":[{"start":{"line":28,"column":11},"end":{"line":39,"column":null}},{"start":{"line":28,"column":11},"end":{"line":39,"column":null}}]},"5":{"loc":{"start":{"line":32,"column":6},"end":{"line":38,"column":null}},"type":"if","locations":[{"start":{"line":32,"column":6},"end":{"line":38,"column":null}},{"start":{"line":32,"column":6},"end":{"line":38,"column":null}}]}},"s":{"0":1,"1":0,"2":0,"3":0,"4":0,"5":0,"6":0,"7":0,"8":0,"9":1,"10":0,"11":0,"12":0,"13":0,"14":0,"15":0,"16":0,"17":0,"18":0,"19":0,"20":0,"21":1},"f":{"0":0,"1":0,"2":0,"3":0,"4":0},"b":{"0":[0,0],"1":[0,0],"2":[0,0],"3":[0,0],"4":[0,0],"5":[0,0]}}
}
