TN:
SF:src/config/enironment.ts
FN:43,(anonymous_1)
FNF:1
FNH:1
FNDA:1,(anonymous_1)
DA:1,2
DA:2,2
DA:4,2
DA:6,2
DA:43,2
DA:44,1
DA:46,1
DA:48,1
LF:8
LH:8
BRDA:51,0,0,1
BRDA:51,0,1,0
BRDA:52,1,0,1
BRDA:52,1,1,0
BRDA:53,2,0,1
BRDA:53,2,1,0
BRDA:54,3,0,1
BRDA:54,3,1,0
BRDA:55,4,0,1
BRDA:55,4,1,0
BRDA:60,5,0,0
BRDA:60,5,1,1
BRDA:65,6,0,0
BRDA:65,6,1,1
BRDA:69,7,0,1
BRDA:69,7,1,0
BRDA:70,8,0,1
BRDA:70,8,1,0
BRDA:72,9,0,1
BRDA:72,9,1,0
BRF:20
BRH:10
end_of_record
TN:
SF:src/external-api/GfycatApi.ts
FN:11,(anonymous_14)
FN:18,(anonymous_15)
FN:20,(anonymous_16)
FN:31,(anonymous_17)
FN:34,(anonymous_18)
FNF:5
FNH:1
FNDA:1,(anonymous_14)
FNDA:0,(anonymous_15)
FNDA:0,(anonymous_16)
FNDA:0,(anonymous_17)
FNDA:0,(anonymous_18)
DA:1,2
DA:2,2
DA:3,2
DA:4,2
DA:5,2
DA:7,2
DA:12,1
DA:13,1
DA:18,1
DA:20,0
DA:21,0
DA:22,0
DA:23,0
DA:24,0
DA:26,0
DA:27,0
DA:31,1
DA:34,0
DA:35,0
DA:37,0
DA:38,0
DA:39,0
DA:41,0
DA:42,0
LF:24
LH:10
BRDA:11,0,0,0
BRF:1
BRH:0
end_of_record
TN:
SF:src/favorite/FavoriteRepo.ts
FN:19,(anonymous_7)
FN:23,(anonymous_8)
FN:23,(anonymous_9)
FN:43,(anonymous_10)
FN:43,(anonymous_11)
FN:53,(anonymous_12)
FN:53,(anonymous_13)
FN:56,(anonymous_14)
FN:60,(anonymous_15)
FN:67,(anonymous_16)
FN:67,(anonymous_17)
FN:77,(anonymous_18)
FN:77,(anonymous_19)
FN:85,(anonymous_20)
FN:85,(anonymous_21)
FN:91,(anonymous_22)
FNF:16
FNH:0
FNDA:0,(anonymous_7)
FNDA:0,(anonymous_8)
FNDA:0,(anonymous_9)
FNDA:0,(anonymous_10)
FNDA:0,(anonymous_11)
FNDA:0,(anonymous_12)
FNDA:0,(anonymous_13)
FNDA:0,(anonymous_14)
FNDA:0,(anonymous_15)
FNDA:0,(anonymous_16)
FNDA:0,(anonymous_17)
FNDA:0,(anonymous_18)
FNDA:0,(anonymous_19)
FNDA:0,(anonymous_20)
FNDA:0,(anonymous_21)
FNDA:0,(anonymous_22)
DA:1,1
DA:13,1
DA:16,1
DA:20,0
DA:23,0
DA:24,0
DA:29,0
DA:30,0
DA:33,0
DA:38,0
DA:40,0
DA:43,0
DA:44,0
DA:46,0
DA:47,0
DA:50,0
DA:53,0
DA:54,0
DA:56,0
DA:58,0
DA:60,0
DA:61,0
DA:64,0
DA:67,0
DA:68,0
DA:70,0
DA:71,0
DA:74,0
DA:77,0
DA:78,0
DA:80,0
DA:82,0
DA:85,0
DA:86,0
DA:87,0
DA:88,0
DA:91,0
DA:92,0
LF:38
LH:3
BRDA:29,0,0,0
BRDA:29,0,1,0
BRDA:46,1,0,0
BRDA:46,1,1,0
BRDA:70,2,0,0
BRDA:70,2,1,0
BRF:6
BRH:0
end_of_record
TN:
SF:src/imageGallery/ImageGalleryService.ts
FN:20,(anonymous_8)
FN:25,(anonymous_9)
FN:25,(anonymous_10)
FN:29,(anonymous_11)
FN:32,(anonymous_12)
FN:41,(anonymous_13)
FN:44,(anonymous_14)
FN:48,(anonymous_15)
FN:53,(anonymous_16)
FN:68,(anonymous_17)
FN:72,(anonymous_18)
FN:77,(anonymous_19)
FN:81,(anonymous_20)
FNF:13
FNH:0
FNDA:0,(anonymous_8)
FNDA:0,(anonymous_9)
FNDA:0,(anonymous_10)
FNDA:0,(anonymous_11)
FNDA:0,(anonymous_12)
FNDA:0,(anonymous_13)
FNDA:0,(anonymous_14)
FNDA:0,(anonymous_15)
FNDA:0,(anonymous_16)
FNDA:0,(anonymous_17)
FNDA:0,(anonymous_18)
FNDA:0,(anonymous_19)
FNDA:0,(anonymous_20)
DA:1,1
DA:2,1
DA:4,1
DA:14,1
DA:15,0
DA:16,0
DA:21,0
DA:22,0
DA:25,0
DA:26,0
DA:29,0
DA:32,0
DA:33,0
DA:41,0
DA:44,0
DA:45,0
DA:48,0
DA:53,0
DA:54,0
DA:55,0
DA:57,0
DA:59,0
DA:65,0
DA:68,0
DA:69,0
DA:72,0
DA:73,0
DA:74,0
DA:77,0
DA:81,0
DA:82,0
DA:83,0
DA:85,0
DA:86,0
DA:89,0
DA:91,0
DA:96,0
DA:97,0
DA:100,0
DA:101,0
DA:103,0
DA:108,0
LF:42
LH:4
BRDA:55,0,0,0
BRDA:55,0,1,0
BRDA:82,1,0,0
BRDA:82,1,1,0
BRDA:85,2,0,0
BRDA:85,2,1,0
BRDA:96,3,0,0
BRDA:96,3,1,0
BRF:8
BRH:0
end_of_record
TN:
SF:src/nade/Nade.ts
FN:163,updatedNadeMerge
FNF:1
FNH:0
FNDA:0,updatedNadeMerge
DA:3,1
DA:163,1
DA:168,0
DA:187,0
LF:4
LH:2
BRF:0
BRH:0
end_of_record
TN:
SF:src/nade/NadeRepo.ts
FN:28,(anonymous_8)
FN:32,(anonymous_9)
FN:32,(anonymous_10)
FN:42,(anonymous_11)
FN:42,(anonymous_12)
FN:59,(anonymous_13)
FN:59,(anonymous_14)
FN:69,(anonymous_15)
FN:69,(anonymous_16)
FN:79,(anonymous_17)
FN:79,(anonymous_18)
FN:94,(anonymous_19)
FN:94,(anonymous_20)
FN:111,(anonymous_21)
FN:111,(anonymous_22)
FN:125,(anonymous_23)
FN:125,(anonymous_24)
FN:132,(anonymous_25)
FN:136,(anonymous_26)
FN:136,(anonymous_27)
FN:150,(anonymous_28)
FN:154,(anonymous_29)
FN:172,(anonymous_30)
FN:172,(anonymous_31)
FN:176,(anonymous_32)
FN:176,(anonymous_33)
FN:183,(anonymous_34)
FN:193,(anonymous_35)
FN:193,(anonymous_36)
FN:201,(anonymous_37)
FN:201,(anonymous_38)
FN:209,(anonymous_39)
FN:209,(anonymous_40)
FN:217,(anonymous_41)
FN:217,(anonymous_42)
FN:225,(anonymous_43)
FN:225,(anonymous_44)
FN:233,(anonymous_45)
FN:233,(anonymous_46)
FN:240,(anonymous_47)
FN:240,(anonymous_48)
FN:247,(anonymous_49)
FN:247,(anonymous_50)
FN:254,(anonymous_51)
FN:263,(anonymous_52)
FN:295,(anonymous_53)
FN:281,(anonymous_54)
FNF:47
FNH:0
FNDA:0,(anonymous_8)
FNDA:0,(anonymous_9)
FNDA:0,(anonymous_10)
FNDA:0,(anonymous_11)
FNDA:0,(anonymous_12)
FNDA:0,(anonymous_13)
FNDA:0,(anonymous_14)
FNDA:0,(anonymous_15)
FNDA:0,(anonymous_16)
FNDA:0,(anonymous_17)
FNDA:0,(anonymous_18)
FNDA:0,(anonymous_19)
FNDA:0,(anonymous_20)
FNDA:0,(anonymous_21)
FNDA:0,(anonymous_22)
FNDA:0,(anonymous_23)
FNDA:0,(anonymous_24)
FNDA:0,(anonymous_25)
FNDA:0,(anonymous_26)
FNDA:0,(anonymous_27)
FNDA:0,(anonymous_28)
FNDA:0,(anonymous_29)
FNDA:0,(anonymous_30)
FNDA:0,(anonymous_31)
FNDA:0,(anonymous_32)
FNDA:0,(anonymous_33)
FNDA:0,(anonymous_34)
FNDA:0,(anonymous_35)
FNDA:0,(anonymous_36)
FNDA:0,(anonymous_37)
FNDA:0,(anonymous_38)
FNDA:0,(anonymous_39)
FNDA:0,(anonymous_40)
FNDA:0,(anonymous_41)
FNDA:0,(anonymous_42)
FNDA:0,(anonymous_43)
FNDA:0,(anonymous_44)
FNDA:0,(anonymous_45)
FNDA:0,(anonymous_46)
FNDA:0,(anonymous_47)
FNDA:0,(anonymous_48)
FNDA:0,(anonymous_49)
FNDA:0,(anonymous_50)
FNDA:0,(anonymous_51)
FNDA:0,(anonymous_52)
FNDA:0,(anonymous_53)
FNDA:0,(anonymous_54)
DA:1,1
DA:2,1
DA:20,1
DA:21,1
DA:25,1
DA:29,0
DA:32,0
DA:33,0
DA:35,0
DA:36,0
DA:39,0
DA:42,0
DA:43,0
DA:48,0
DA:49,0
DA:52,0
DA:54,0
DA:56,0
DA:59,0
DA:60,0
DA:65,0
DA:66,0
DA:69,0
DA:70,0
DA:75,0
DA:76,0
DA:79,0
DA:80,0
DA:82,0
DA:83,0
DA:86,0
DA:94,0
DA:95,0
DA:97,0
DA:98,0
DA:101,0
DA:103,0
DA:111,0
DA:112,0
DA:118,0
DA:120,0
DA:122,0
DA:125,0
DA:126,0
DA:131,0
DA:132,0
DA:133,0
DA:136,0
DA:137,0
DA:145,0
DA:147,0
DA:150,0
DA:154,0
DA:155,0
DA:163,0
DA:165,0
DA:167,0
DA:169,0
DA:172,0
DA:173,0
DA:176,0
DA:177,0
DA:181,0
DA:183,0
DA:184,0
DA:190,0
DA:193,0
DA:194,0
DA:198,0
DA:201,0
DA:202,0
DA:206,0
DA:209,0
DA:210,0
DA:214,0
DA:217,0
DA:218,0
DA:222,0
DA:225,0
DA:226,0
DA:230,0
DA:233,0
DA:234,0
DA:237,0
DA:240,0
DA:241,0
DA:244,0
DA:247,0
DA:248,0
DA:251,0
DA:254,0
DA:255,0
DA:263,0
DA:264,0
DA:265,0
DA:267,0
DA:272,0
DA:275,0
DA:276,0
DA:278,0
DA:282,0
DA:284,0
DA:285,0
DA:286,0
DA:287,0
DA:288,0
DA:289,0
DA:291,0
DA:295,0
DA:300,0
DA:301,0
DA:302,0
DA:304,0
DA:306,0
DA:307,0
DA:310,0
DA:312,0
LF:117
LH:5
BRDA:35,0,0,0
BRDA:35,0,1,0
BRDA:48,1,0,0
BRDA:48,1,1,0
BRDA:82,2,0,0
BRDA:82,2,1,0
BRDA:97,3,0,0
BRDA:97,3,1,0
BRDA:158,4,0,0
BRDA:158,4,1,0
BRDA:160,5,0,0
BRDA:160,5,1,0
BRDA:265,6,0,0
BRDA:265,6,1,0
BRDA:301,7,0,0
BRDA:301,7,1,0
BRDA:302,8,0,0
BRDA:302,8,1,0
BRDA:302,9,0,0
BRDA:302,9,1,0
BRDA:302,10,0,0
BRDA:302,10,1,0
BRDA:306,11,0,0
BRDA:306,11,1,0
BRDA:310,12,0,0
BRDA:310,12,1,0
BRDA:282,13,0,0
BRDA:282,13,1,0
BRDA:284,14,0,0
BRDA:284,14,1,0
BRDA:286,15,0,0
BRDA:286,15,1,0
BRDA:288,16,0,0
BRDA:288,16,1,0
BRF:34
BRH:0
end_of_record
TN:
SF:src/nade/NadeService.ts
FN:46,(anonymous_8)
FN:66,(anonymous_9)
FN:66,(anonymous_10)
FN:70,(anonymous_11)
FN:70,(anonymous_12)
FN:76,(anonymous_13)
FN:76,(anonymous_14)
FN:82,(anonymous_15)
FN:82,(anonymous_16)
FN:88,(anonymous_17)
FN:88,(anonymous_18)
FN:95,(anonymous_19)
FN:95,(anonymous_20)
FN:102,(anonymous_21)
FN:102,(anonymous_22)
FN:108,(anonymous_23)
FN:108,(anonymous_24)
FN:114,(anonymous_25)
FN:117,(anonymous_26)
FN:191,(anonymous_27)
FN:191,(anonymous_28)
FN:206,(anonymous_29)
FN:209,(anonymous_30)
FN:292,(anonymous_31)
FN:320,(anonymous_32)
FN:352,(anonymous_33)
FN:352,(anonymous_34)
FN:376,(anonymous_35)
FN:376,(anonymous_36)
FN:411,(anonymous_37)
FN:443,videoDuration
FNF:31
FNH:5
FNDA:3,(anonymous_8)
FNDA:1,(anonymous_9)
FNDA:1,(anonymous_10)
FNDA:0,(anonymous_11)
FNDA:0,(anonymous_12)
FNDA:1,(anonymous_13)
FNDA:1,(anonymous_14)
FNDA:0,(anonymous_15)
FNDA:0,(anonymous_16)
FNDA:0,(anonymous_17)
FNDA:0,(anonymous_18)
FNDA:0,(anonymous_19)
FNDA:0,(anonymous_20)
FNDA:0,(anonymous_21)
FNDA:0,(anonymous_22)
FNDA:0,(anonymous_23)
FNDA:0,(anonymous_24)
FNDA:0,(anonymous_25)
FNDA:0,(anonymous_26)
FNDA:0,(anonymous_27)
FNDA:0,(anonymous_28)
FNDA:0,(anonymous_29)
FNDA:0,(anonymous_30)
FNDA:0,(anonymous_31)
FNDA:0,(anonymous_32)
FNDA:0,(anonymous_33)
FNDA:0,(anonymous_34)
FNDA:0,(anonymous_35)
FNDA:0,(anonymous_36)
FNDA:0,(anonymous_37)
FNDA:0,videoDuration
DA:1,1
DA:11,1
DA:12,1
DA:13,1
DA:36,1
DA:55,3
DA:57,3
DA:58,3
DA:59,3
DA:60,3
DA:61,3
DA:62,3
DA:63,3
DA:66,3
DA:67,1
DA:70,3
DA:71,0
DA:73,0
DA:76,3
DA:77,1
DA:79,1
DA:82,3
DA:83,0
DA:85,0
DA:88,3
DA:89,0
DA:90,0
DA:92,0
DA:95,3
DA:96,0
DA:97,0
DA:99,0
DA:102,3
DA:103,0
DA:105,0
DA:108,3
DA:109,0
DA:111,0
DA:114,3
DA:117,0
DA:118,0
DA:123,0
DA:125,0
DA:131,0
DA:133,0
DA:134,0
DA:139,0
DA:144,0
DA:145,0
DA:149,0
DA:150,0
DA:154,0
DA:158,0
DA:159,0
DA:162,0
DA:164,0
DA:184,0
DA:185,0
DA:186,0
DA:188,0
DA:191,3
DA:192,0
DA:194,0
DA:196,0
DA:197,0
DA:200,0
DA:201,0
DA:202,0
DA:203,0
DA:206,3
DA:209,0
DA:210,0
DA:216,0
DA:218,0
DA:221,0
DA:226,0
DA:234,0
DA:236,0
DA:237,0
DA:239,0
DA:240,0
DA:243,0
DA:247,0
DA:253,0
DA:254,0
DA:261,0
DA:269,0
DA:275,0
DA:277,0
DA:281,0
DA:282,0
DA:286,0
DA:289,0
DA:292,3
DA:293,0
DA:294,0
DA:297,0
DA:303,0
DA:304,0
DA:306,0
DA:312,0
DA:313,0
DA:315,0
DA:317,0
DA:320,3
DA:321,0
DA:322,0
DA:325,0
DA:331,0
DA:332,0
DA:334,0
DA:340,0
DA:341,0
DA:343,0
DA:345,0
DA:346,0
DA:349,0
DA:352,3
DA:353,0
DA:354,0
DA:355,0
DA:357,0
DA:359,0
DA:362,0
DA:363,0
DA:366,0
DA:367,0
DA:370,0
DA:372,0
DA:376,3
DA:377,0
DA:379,0
DA:380,0
DA:383,0
DA:385,0
DA:387,0
DA:390,0
DA:406,0
DA:408,0
DA:411,3
DA:412,0
DA:444,0
DA:445,0
DA:447,0
DA:448,0
LF:145
LH:32
BRDA:133,0,0,0
BRDA:133,0,1,0
BRDA:149,1,0,0
BRDA:149,1,1,0
BRDA:181,2,0,0
BRDA:181,2,1,0
BRDA:196,3,0,0
BRDA:196,3,1,0
BRDA:216,4,0,0
BRDA:216,4,1,0
BRDA:234,5,0,0
BRDA:234,5,1,0
BRDA:236,6,0,0
BRDA:236,6,1,0
BRDA:239,7,0,0
BRDA:239,7,1,0
BRDA:253,8,0,0
BRDA:253,8,1,0
BRDA:277,9,0,0
BRDA:277,9,1,0
BRDA:278,10,0,0
BRDA:278,10,1,0
BRDA:282,11,0,0
BRDA:282,11,1,0
BRDA:283,12,0,0
BRDA:283,12,1,0
BRDA:293,13,0,0
BRDA:293,13,1,0
BRDA:321,14,0,0
BRDA:321,14,1,0
BRDA:345,15,0,0
BRDA:345,15,1,0
BRDA:357,16,0,0
BRDA:357,16,1,0
BRDA:362,17,0,0
BRDA:362,17,1,0
BRDA:362,18,0,0
BRDA:362,18,1,0
BRDA:366,19,0,0
BRDA:366,19,1,0
BRDA:379,20,0,0
BRDA:379,20,1,0
BRDA:385,21,0,0
BRDA:385,21,1,0
BRDA:420,22,0,0
BRDA:420,22,1,0
BRDA:420,23,0,0
BRDA:420,23,1,0
BRDA:444,24,0,0
BRDA:444,24,1,0
BRDA:444,25,0,0
BRDA:444,25,1,0
BRF:52
BRH:0
end_of_record
TN:
SF:src/nadecomment/NadeCommentRepo.ts
FN:24,(anonymous_7)
FN:28,(anonymous_8)
FN:28,(anonymous_9)
FN:33,(anonymous_10)
FN:40,(anonymous_11)
FN:40,(anonymous_12)
FN:53,(anonymous_13)
FN:53,(anonymous_14)
FN:67,(anonymous_15)
FN:69,(anonymous_16)
FN:77,(anonymous_17)
FN:77,(anonymous_18)
FN:81,(anonymous_19)
FN:81,(anonymous_20)
FN:88,(anonymous_21)
FN:95,(anonymous_22)
FN:95,(anonymous_23)
FN:102,(anonymous_24)
FNF:18
FNH:0
FNDA:0,(anonymous_7)
FNDA:0,(anonymous_8)
FNDA:0,(anonymous_9)
FNDA:0,(anonymous_10)
FNDA:0,(anonymous_11)
FNDA:0,(anonymous_12)
FNDA:0,(anonymous_13)
FNDA:0,(anonymous_14)
FNDA:0,(anonymous_15)
FNDA:0,(anonymous_16)
FNDA:0,(anonymous_17)
FNDA:0,(anonymous_18)
FNDA:0,(anonymous_19)
FNDA:0,(anonymous_20)
FNDA:0,(anonymous_21)
FNDA:0,(anonymous_22)
FNDA:0,(anonymous_23)
FNDA:0,(anonymous_24)
DA:1,1
DA:14,1
DA:21,1
DA:25,0
DA:28,0
DA:29,0
DA:33,0
DA:37,0
DA:40,0
DA:41,0
DA:43,0
DA:44,0
DA:47,0
DA:53,0
DA:54,0
DA:59,0
DA:61,0
DA:67,0
DA:69,0
DA:70,0
DA:74,0
DA:77,0
DA:78,0
DA:81,0
DA:82,0
DA:86,0
DA:88,0
DA:89,0
DA:92,0
DA:95,0
DA:96,0
DA:100,0
DA:102,0
DA:103,0
DA:109,0
LF:35
LH:3
BRDA:43,0,0,0
BRDA:43,0,1,0
BRF:2
BRH:0
end_of_record
TN:
SF:src/notifications/NotificationRepo.ts
FN:36,(anonymous_8)
FN:40,(anonymous_9)
FN:40,(anonymous_10)
FN:52,(anonymous_11)
FN:52,(anonymous_12)
FN:62,(anonymous_13)
FN:62,(anonymous_14)
FN:70,(anonymous_15)
FN:70,(anonymous_16)
FN:77,(anonymous_17)
FN:77,(anonymous_18)
FN:85,(anonymous_19)
FN:85,(anonymous_20)
FN:93,(anonymous_21)
FN:93,(anonymous_22)
FN:105,(anonymous_23)
FN:105,(anonymous_24)
FN:112,(anonymous_25)
FN:112,(anonymous_26)
FN:124,(anonymous_27)
FN:124,(anonymous_28)
FN:130,(anonymous_29)
FN:130,(anonymous_30)
FN:154,(anonymous_31)
FN:209,(anonymous_32)
FN:211,(anonymous_33)
FN:233,(anonymous_34)
FN:233,(anonymous_35)
FN:237,(anonymous_36)
FN:237,(anonymous_37)
FN:254,(anonymous_38)
FN:256,(anonymous_39)
FN:258,(anonymous_40)
FN:273,(anonymous_41)
FN:284,(anonymous_42)
FNF:35
FNH:0
FNDA:0,(anonymous_8)
FNDA:0,(anonymous_9)
FNDA:0,(anonymous_10)
FNDA:0,(anonymous_11)
FNDA:0,(anonymous_12)
FNDA:0,(anonymous_13)
FNDA:0,(anonymous_14)
FNDA:0,(anonymous_15)
FNDA:0,(anonymous_16)
FNDA:0,(anonymous_17)
FNDA:0,(anonymous_18)
FNDA:0,(anonymous_19)
FNDA:0,(anonymous_20)
FNDA:0,(anonymous_21)
FNDA:0,(anonymous_22)
FNDA:0,(anonymous_23)
FNDA:0,(anonymous_24)
FNDA:0,(anonymous_25)
FNDA:0,(anonymous_26)
FNDA:0,(anonymous_27)
FNDA:0,(anonymous_28)
FNDA:0,(anonymous_29)
FNDA:0,(anonymous_30)
FNDA:0,(anonymous_31)
FNDA:0,(anonymous_32)
FNDA:0,(anonymous_33)
FNDA:0,(anonymous_34)
FNDA:0,(anonymous_35)
FNDA:0,(anonymous_36)
FNDA:0,(anonymous_37)
FNDA:0,(anonymous_38)
FNDA:0,(anonymous_39)
FNDA:0,(anonymous_40)
FNDA:0,(anonymous_41)
FNDA:0,(anonymous_42)
DA:1,1
DA:2,1
DA:18,1
DA:19,1
DA:32,1
DA:34,0
DA:37,0
DA:40,0
DA:41,0
DA:45,0
DA:47,0
DA:49,0
DA:52,0
DA:53,0
DA:55,0
DA:56,0
DA:59,0
DA:62,0
DA:63,0
DA:70,0
DA:71,0
DA:77,0
DA:78,0
DA:85,0
DA:86,0
DA:93,0
DA:94,0
DA:105,0
DA:106,0
DA:112,0
DA:113,0
DA:124,0
DA:125,0
DA:127,0
DA:130,0
DA:131,0
DA:134,0
DA:144,0
DA:145,0
DA:148,0
DA:149,0
DA:151,0
DA:154,0
DA:157,0
DA:162,0
DA:164,0
DA:170,0
DA:172,0
DA:174,0
DA:180,0
DA:182,0
DA:184,0
DA:186,0
DA:192,0
DA:205,0
DA:209,0
DA:211,0
DA:212,0
DA:213,0
DA:218,0
DA:230,0
DA:233,0
DA:234,0
DA:237,0
DA:238,0
DA:239,0
DA:241,0
DA:245,0
DA:247,0
DA:248,0
DA:251,0
DA:254,0
DA:256,0
DA:257,0
DA:258,0
DA:260,0
DA:261,0
DA:263,0
DA:264,0
DA:267,0
DA:270,0
DA:273,0
DA:274,0
DA:279,0
DA:281,0
DA:284,0
DA:285,0
DA:286,0
DA:287,0
LF:89
LH:5
BRDA:55,0,0,0
BRDA:55,0,1,0
BRDA:144,1,0,0
BRDA:144,1,1,0
BRDA:163,2,0,0
BRDA:163,2,1,0
BRDA:163,2,2,0
BRDA:163,2,3,0
BRDA:163,2,4,0
BRDA:163,2,5,0
BRDA:163,2,6,0
BRDA:163,2,7,0
BRDA:212,3,0,0
BRDA:212,3,1,0
BRDA:260,4,0,0
BRDA:260,4,1,0
BRDA:281,5,0,0
BRDA:281,5,1,0
BRF:18
BRH:0
end_of_record
TN:
SF:src/stats/StatsRepo.ts
FN:10,(anonymous_7)
FN:14,(anonymous_8)
FN:14,(anonymous_9)
FN:24,(anonymous_10)
FN:24,(anonymous_11)
FN:34,(anonymous_12)
FN:40,(anonymous_13)
FN:46,(anonymous_14)
FN:52,(anonymous_15)
FN:58,(anonymous_16)
FNF:10
FNH:0
FNDA:0,(anonymous_7)
FNDA:0,(anonymous_8)
FNDA:0,(anonymous_9)
FNDA:0,(anonymous_10)
FNDA:0,(anonymous_11)
FNDA:0,(anonymous_12)
FNDA:0,(anonymous_13)
FNDA:0,(anonymous_14)
FNDA:0,(anonymous_15)
FNDA:0,(anonymous_16)
DA:1,1
DA:4,1
DA:6,0
DA:8,0
DA:11,0
DA:14,0
DA:15,0
DA:17,0
DA:18,0
DA:21,0
DA:24,0
DA:25,0
DA:27,0
DA:28,0
DA:31,0
DA:34,0
DA:35,0
DA:40,0
DA:41,0
DA:46,0
DA:47,0
DA:52,0
DA:53,0
DA:58,0
DA:59,0
LF:25
LH:2
BRDA:17,0,0,0
BRDA:17,0,1,0
BRDA:27,1,0,0
BRDA:27,1,1,0
BRF:4
BRH:0
end_of_record
TN:
SF:src/utils/AuthUtils.ts
FN:18,(anonymous_1)
FN:30,(anonymous_2)
FN:44,(anonymous_3)
FN:49,(anonymous_4)
FN:59,(anonymous_5)
FN:76,(anonymous_6)
FN:93,(anonymous_7)
FN:94,(anonymous_8)
FN:139,(anonymous_9)
FNF:9
FNH:2
FNDA:1,(anonymous_1)
FNDA:0,(anonymous_2)
FNDA:1,(anonymous_3)
FNDA:0,(anonymous_4)
FNDA:0,(anonymous_5)
FNDA:0,(anonymous_6)
FNDA:0,(anonymous_7)
FNDA:0,(anonymous_8)
FNDA:0,(anonymous_9)
DA:1,1
DA:4,1
DA:18,1
DA:19,1
DA:27,1
DA:30,1
DA:31,0
DA:41,0
DA:44,1
DA:45,1
DA:46,1
DA:49,1
DA:50,0
DA:51,0
DA:52,0
DA:56,0
DA:59,1
DA:60,0
DA:61,0
DA:62,0
DA:67,0
DA:68,0
DA:73,0
DA:76,1
DA:77,0
DA:78,0
DA:79,0
DA:84,0
DA:85,0
DA:90,0
DA:93,1
DA:94,0
DA:95,0
DA:97,0
DA:98,0
DA:99,0
DA:100,0
DA:104,0
DA:106,0
DA:114,0
DA:117,0
DA:118,0
DA:119,0
DA:123,0
DA:127,0
DA:129,0
DA:135,0
DA:139,1
DA:143,0
DA:144,0
DA:146,0
DA:147,0
DA:149,0
LF:53
LH:14
BRDA:51,0,0,0
BRDA:51,0,1,0
BRDA:51,1,0,0
BRDA:51,1,1,0
BRDA:51,1,2,0
BRDA:51,2,0,0
BRDA:51,2,1,0
BRDA:51,3,0,0
BRDA:51,3,1,0
BRDA:61,4,0,0
BRDA:61,4,1,0
BRDA:67,5,0,0
BRDA:67,5,1,0
BRDA:78,6,0,0
BRDA:78,6,1,0
BRDA:84,7,0,0
BRDA:84,7,1,0
BRDA:95,8,0,0
BRDA:95,8,1,0
BRDA:97,9,0,0
BRDA:97,9,1,0
BRDA:114,10,0,0
BRDA:114,10,1,0
BRDA:117,11,0,0
BRDA:117,11,1,0
BRDA:143,12,0,0
BRDA:143,12,1,0
BRDA:143,13,0,0
BRDA:143,13,1,0
BRDA:146,14,0,0
BRDA:146,14,1,0
BRF:31
BRH:0
end_of_record
TN:
SF:src/utils/Common.ts
FN:3,(anonymous_0)
FN:8,(anonymous_1)
FN:13,extractGfyIdFromIdOrUrl
FN:19,clamp
FN:23,assertNever
FNF:5
FNH:0
FNDA:0,(anonymous_0)
FNDA:0,(anonymous_1)
FNDA:0,extractGfyIdFromIdOrUrl
FNDA:0,clamp
FNDA:0,assertNever
DA:1,2
DA:3,2
DA:4,0
DA:7,0
DA:8,0
DA:10,0
DA:13,2
DA:14,0
DA:15,0
DA:16,0
DA:19,2
DA:20,0
DA:23,2
DA:24,0
LF:14
LH:5
BRDA:8,0,0,0
BRDA:8,0,1,0
BRDA:20,1,0,0
BRDA:20,1,1,0
BRDA:20,2,0,0
BRDA:20,2,1,0
BRF:6
BRH:0
end_of_record
TN:
SF:src/utils/ErrorUtil.ts
FN:9,(anonymous_0)
FN:16,(anonymous_1)
FN:20,(anonymous_2)
FN:24,(anonymous_3)
FN:28,(anonymous_4)
FN:32,(anonymous_5)
FN:37,(anonymous_6)
FNF:7
FNH:0
FNDA:0,(anonymous_0)
FNDA:0,(anonymous_1)
FNDA:0,(anonymous_2)
FNDA:0,(anonymous_3)
FNDA:0,(anonymous_4)
FNDA:0,(anonymous_5)
FNDA:0,(anonymous_6)
DA:1,2
DA:9,0
DA:10,0
DA:11,0
DA:15,2
DA:17,0
DA:21,0
DA:25,0
DA:29,0
DA:33,0
DA:37,2
DA:38,0
DA:39,0
LF:13
LH:3
BRDA:40,0,0,0
BRDA:40,0,1,0
BRDA:41,1,0,0
BRDA:41,1,1,0
BRF:4
BRH:0
end_of_record
TN:
SF:src/utils/RouterUtils.ts
FN:4,(anonymous_0)
FN:9,(anonymous_1)
FNF:2
FNH:0
FNDA:0,(anonymous_0)
FNDA:0,(anonymous_1)
DA:2,1
DA:4,1
DA:5,0
DA:6,0
DA:9,1
DA:10,0
DA:11,0
DA:13,0
DA:14,0
LF:9
LH:3
BRDA:10,0,0,0
BRDA:10,0,1,0
BRF:2
BRH:0
end_of_record
TN:
SF:src/utils/Sanitize.ts
FN:3,sanitizeObj
FN:5,(anonymous_2)
FN:11,sanitizeArray
FN:13,(anonymous_4)
FN:20,(anonymous_5)
FNF:5
FNH:0
FNDA:0,sanitizeObj
FNDA:0,(anonymous_2)
FNDA:0,sanitizeArray
FNDA:0,(anonymous_4)
FNDA:0,(anonymous_5)
DA:1,1
DA:4,0
DA:5,0
DA:6,0
DA:8,0
DA:12,0
DA:13,0
DA:15,0
DA:17,0
DA:20,1
DA:21,0
DA:22,0
DA:25,0
DA:26,0
DA:28,0
DA:29,0
DA:32,0
DA:33,0
DA:34,0
DA:35,0
DA:37,0
LF:21
LH:2
BRDA:21,0,0,0
BRDA:21,0,1,0
BRDA:21,1,0,0
BRDA:21,1,1,0
BRDA:25,2,0,0
BRDA:25,2,1,0
BRDA:25,3,0,0
BRDA:25,3,1,0
BRDA:28,4,0,0
BRDA:28,4,1,0
BRDA:32,5,0,0
BRDA:32,5,1,0
BRF:12
BRH:0
end_of_record
